#
# There is insufficient memory for the Java Runtime Environment to continue.
# Native memory allocation (malloc) failed to allocate 106848 bytes. Error detail: Chunk::new
# Possible reasons:
#   The system is out of physical RAM or swap space
#   This process is running with CompressedOops enabled, and the Java Heap may be blocking the growth of the native heap
# Possible solutions:
#   Reduce memory load on the system
#   Increase physical memory or swap space
#   Check if swap backing store is full
#   Decrease Java heap size (-Xmx/-Xms)
#   Decrease number of Java threads
#   Decrease Java thread stack sizes (-Xss)
#   Set larger code cache with -XX:ReservedCodeCacheSize=
#   JVM is running with Unscaled Compressed Oops mode in which the Java heap is
#     placed in the first 4GB address space. The Java Heap base address is the
#     maximum limit for the native heap growth. Please use -XX:HeapBaseMinAddress
#     to set the Java Heap base and to place the Java Heap above 4GB virtual address.
# This output file may be truncated or incomplete.
#
#  Out of Memory Error (arena.cpp:168), pid=63892, tid=64308
#
# JRE version: OpenJDK Runtime Environment Temurin-21.0.5+11 (21.0.5+11) (build 21.0.5+11-LTS)
# Java VM: OpenJDK 64-Bit Server VM Temurin-21.0.5+11 (21.0.5+11-LTS, mixed mode, sharing, tiered, compressed oops, compressed class ptrs, parallel gc, windows-amd64)
# No core dump will be written. Minidumps are not enabled by default on client versions of Windows
#

---------------  S U M M A R Y ------------

Command Line: --add-modules=ALL-SYSTEM --add-opens=java.base/java.util=ALL-UNNAMED --add-opens=java.base/java.lang=ALL-UNNAMED --add-opens=java.base/sun.nio.fs=ALL-UNNAMED -Declipse.application=org.eclipse.jdt.ls.core.id1 -Dosgi.bundles.defaultStartLevel=4 -Declipse.product=org.eclipse.jdt.ls.core.product -Djava.import.generatesMetadataFilesAtProjectRoot=false -DDetectVMInstallationsJob.disabled=true -Dfile.encoding=utf8 -XX:+UseParallelGC -XX:GCTimeRatio=4 -XX:AdaptiveSizePolicyWeight=90 -Dsun.zip.disableMemoryMapping=true -Xmx1G -Xms100m -Xlog:disable -javaagent:c:\Users\Lenovo\.cursor\extensions\redhat.java-1.39.0-win32-x64\lombok\lombok-1.18.34.jar -XX:+HeapDumpOnOutOfMemoryError -XX:HeapDumpPath=c:\Users\Lenovo\AppData\Roaming\Cursor\User\workspaceStorage\683d957badb194579f56dee3592c7424\redhat.java -Daether.dependencyCollector.impl=bf c:\Users\Lenovo\.cursor\extensions\redhat.java-1.39.0-win32-x64\server\plugins\org.eclipse.equinox.launcher_1.6.900.v20240613-2009.jar -configuration c:\Users\Lenovo\AppData\Roaming\Cursor\User\globalStorage\redhat.java\1.39.0\config_win -data c:\Users\Lenovo\AppData\Roaming\Cursor\User\workspaceStorage\683d957badb194579f56dee3592c7424\redhat.java\jdt_ws --pipe=\\.\pipe\lsp-1127b27c4e4e2016490f156416ec3a21-sock

Host: AMD Ryzen 3 7320U with Radeon Graphics         , 8 cores, 5G,  Windows 11 , 64 bit Build 26100 (10.0.26100.3037)
Time: Mon Feb  3 20:13:38 2025 SE Asia Standard Time elapsed time: 65.873766 seconds (0d 0h 1m 5s)

---------------  T H R E A D  ---------------

Current thread (0x000001c7f3d03dd0):  JavaThread "C2 CompilerThread0" daemon [_thread_in_native, id=64308, stack(0x00000078b2c00000,0x00000078b2d00000) (1024K)]


Current CompileTask:
C2:65874 8636       4       java.io.DataOutputStream::writeInt (28 bytes)

Stack: [0x00000078b2c00000,0x00000078b2d00000]
Native frames: (J=compiled Java code, j=interpreted, Vv=VM code, C=native code)
V  [jvm.dll+0x6cd4e9]
V  [jvm.dll+0x8a7941]
V  [jvm.dll+0x8a9e6e]
V  [jvm.dll+0x8aa543]
V  [jvm.dll+0x27f6d6]
V  [jvm.dll+0xc500d]
V  [jvm.dll+0xc5543]
V  [jvm.dll+0x3b660c]
V  [jvm.dll+0x1dfdf3]
V  [jvm.dll+0x247b22]
V  [jvm.dll+0x246faf]
V  [jvm.dll+0x1c75ce]
V  [jvm.dll+0x25682a]
V  [jvm.dll+0x254dca]
V  [jvm.dll+0x3f00d6]
V  [jvm.dll+0x8514fb]
V  [jvm.dll+0x6cbbed]
C  [ucrtbase.dll+0x37b0]
C  [KERNEL32.DLL+0x2e8d7]
C  [ntdll.dll+0xbbf2c]


---------------  P R O C E S S  ---------------

Threads class SMR info:
_java_thread_list=0x000001c7f5a5b100, length=49, elements={
0x000001c7df7dfea0, 0x000001c7df89a690, 0x000001c7df89dc70, 0x000001c7f3cf6770,
0x000001c7f3cf73c0, 0x000001c7f3d00540, 0x000001c7f3d00f90, 0x000001c7f3d03dd0,
0x000001c7f5826d20, 0x000001c7f5897f50, 0x000001c7f5a45ae0, 0x000001c7fa921d50,
0x000001c7fa6c0130, 0x000001c7fa6be8c0, 0x000001c7fa6adf50, 0x000001c7fac4b3c0,
0x000001c7facd1ff0, 0x000001c7fa442900, 0x000001c7fa441550, 0x000001c7fa43f480,
0x000001c7fa440ec0, 0x000001c7fa441be0, 0x000001c7fa43fb10, 0x000001c7fa4401a0,
0x000001c7fcb1be30, 0x000001c7fcb1c4c0, 0x000001c7fcb1cb50, 0x000001c7fcb1df00,
0x000001c7fcb1d870, 0x000001c7fcb1e590, 0x000001c7fcb1b110, 0x000001c7fcb1ec20,
0x000001c7fcb1b7a0, 0x000001c7fcb1f2b0, 0x000001c7fcb1f940, 0x000001c7fcb1ffd0,
0x000001c7fcb1d1e0, 0x000001c7fcb21380, 0x000001c7fcb21a10, 0x000001c7fd9530c0,
0x000001c7fd951680, 0x000001c7fd953750, 0x000001c7fd951d10, 0x000001c7fd953de0,
0x000001c7fd9523a0, 0x000001c7fcb220a0, 0x000001c7fc9d6af0, 0x000001c7fc9d7180,
0x000001c7fc9d9250
}

Java Threads: ( => current thread )
  0x000001c7df7dfea0 JavaThread "main"                              [_thread_blocked, id=63604, stack(0x00000078b2200000,0x00000078b2300000) (1024K)]
  0x000001c7df89a690 JavaThread "Reference Handler"          daemon [_thread_blocked, id=58024, stack(0x00000078b2600000,0x00000078b2700000) (1024K)]
  0x000001c7df89dc70 JavaThread "Finalizer"                  daemon [_thread_blocked, id=64436, stack(0x00000078b2700000,0x00000078b2800000) (1024K)]
  0x000001c7f3cf6770 JavaThread "Signal Dispatcher"          daemon [_thread_blocked, id=57012, stack(0x00000078b2800000,0x00000078b2900000) (1024K)]
  0x000001c7f3cf73c0 JavaThread "Attach Listener"            daemon [_thread_blocked, id=32620, stack(0x00000078b2900000,0x00000078b2a00000) (1024K)]
  0x000001c7f3d00540 JavaThread "Service Thread"             daemon [_thread_blocked, id=61584, stack(0x00000078b2a00000,0x00000078b2b00000) (1024K)]
  0x000001c7f3d00f90 JavaThread "Monitor Deflation Thread"   daemon [_thread_blocked, id=63296, stack(0x00000078b2b00000,0x00000078b2c00000) (1024K)]
=>0x000001c7f3d03dd0 JavaThread "C2 CompilerThread0"         daemon [_thread_in_native, id=64308, stack(0x00000078b2c00000,0x00000078b2d00000) (1024K)]
  0x000001c7f5826d20 JavaThread "C1 CompilerThread0"         daemon [_thread_blocked, id=64472, stack(0x00000078b2d00000,0x00000078b2e00000) (1024K)]
  0x000001c7f5897f50 JavaThread "Common-Cleaner"             daemon [_thread_blocked, id=64444, stack(0x00000078b2e00000,0x00000078b2f00000) (1024K)]
  0x000001c7f5a45ae0 JavaThread "Notification Thread"        daemon [_thread_blocked, id=64448, stack(0x00000078b2f00000,0x00000078b3000000) (1024K)]
  0x000001c7fa921d50 JavaThread "Active Thread: Equinox Container: 4cca6248-cc0f-4ae6-bd87-99487a3666d0"        [_thread_blocked, id=64560, stack(0x00000078b3700000,0x00000078b3800000) (1024K)]
  0x000001c7fa6c0130 JavaThread "Refresh Thread: Equinox Container: 4cca6248-cc0f-4ae6-bd87-99487a3666d0" daemon [_thread_blocked, id=64620, stack(0x00000078b3800000,0x00000078b3900000) (1024K)]
  0x000001c7fa6be8c0 JavaThread "Framework Event Dispatcher: Equinox Container: 4cca6248-cc0f-4ae6-bd87-99487a3666d0" daemon [_thread_blocked, id=64632, stack(0x00000078b3000000,0x00000078b3100000) (1024K)]
  0x000001c7fa6adf50 JavaThread "Start Level: Equinox Container: 4cca6248-cc0f-4ae6-bd87-99487a3666d0" daemon [_thread_blocked, id=64636, stack(0x00000078b3a00000,0x00000078b3b00000) (1024K)]
  0x000001c7fac4b3c0 JavaThread "Bundle File Closer"         daemon [_thread_blocked, id=64656, stack(0x00000078b3b00000,0x00000078b3c00000) (1024K)]
  0x000001c7facd1ff0 JavaThread "SCR Component Actor"        daemon [_thread_blocked, id=64708, stack(0x00000078b3c00000,0x00000078b3d00000) (1024K)]
  0x000001c7fa442900 JavaThread "Worker-JM"                         [_thread_blocked, id=64768, stack(0x00000078b3e00000,0x00000078b3f00000) (1024K)]
  0x000001c7fa441550 JavaThread "JNA Cleaner"                daemon [_thread_blocked, id=64832, stack(0x00000078b3f00000,0x00000078b4000000) (1024K)]
  0x000001c7fa43f480 JavaThread "Worker-0: Java indexing... "        [_thread_blocked, id=64848, stack(0x00000078b4000000,0x00000078b4100000) (1024K)]
  0x000001c7fa440ec0 JavaThread "Worker-1: Initialize Workspace"        [_thread_blocked, id=64852, stack(0x00000078b4100000,0x00000078b4200000) (1024K)]
  0x000001c7fa441be0 JavaThread "Worker-2"                          [_thread_blocked, id=64900, stack(0x00000078b4200000,0x00000078b4300000) (1024K)]
  0x000001c7fa43fb10 JavaThread "Worker-3"                          [_thread_blocked, id=64916, stack(0x00000078b4300000,0x00000078b4400000) (1024K)]
  0x000001c7fa4401a0 JavaThread "Java indexing"              daemon [_thread_blocked, id=64948, stack(0x00000078b4500000,0x00000078b4600000) (1024K)]
  0x000001c7fcb1be30 JavaThread "Worker-4"                          [_thread_blocked, id=64960, stack(0x00000078b4800000,0x00000078b4900000) (1024K)]
  0x000001c7fcb1c4c0 JavaThread "Worker-5"                          [_thread_blocked, id=64964, stack(0x00000078b4900000,0x00000078b4a00000) (1024K)]
  0x000001c7fcb1cb50 JavaThread "Thread-2"                   daemon [_thread_in_native, id=64988, stack(0x00000078b4a00000,0x00000078b4b00000) (1024K)]
  0x000001c7fcb1df00 JavaThread "Thread-3"                   daemon [_thread_in_native, id=64992, stack(0x00000078b4b00000,0x00000078b4c00000) (1024K)]
  0x000001c7fcb1d870 JavaThread "Thread-4"                   daemon [_thread_in_native, id=64996, stack(0x00000078b4c00000,0x00000078b4d00000) (1024K)]
  0x000001c7fcb1e590 JavaThread "Thread-5"                   daemon [_thread_in_native, id=65000, stack(0x00000078b4d00000,0x00000078b4e00000) (1024K)]
  0x000001c7fcb1b110 JavaThread "Thread-6"                   daemon [_thread_in_native, id=65004, stack(0x00000078b4e00000,0x00000078b4f00000) (1024K)]
  0x000001c7fcb1ec20 JavaThread "Thread-7"                   daemon [_thread_in_native, id=65008, stack(0x00000078b4f00000,0x00000078b5000000) (1024K)]
  0x000001c7fcb1b7a0 JavaThread "Thread-8"                   daemon [_thread_in_native, id=65012, stack(0x00000078b5000000,0x00000078b5100000) (1024K)]
  0x000001c7fcb1f2b0 JavaThread "Thread-9"                   daemon [_thread_in_native, id=65016, stack(0x00000078b5100000,0x00000078b5200000) (1024K)]
  0x000001c7fcb1f940 JavaThread "Thread-10"                  daemon [_thread_in_native, id=65020, stack(0x00000078b5200000,0x00000078b5300000) (1024K)]
  0x000001c7fcb1ffd0 JavaThread "pool-2-thread-1"                   [_thread_blocked, id=65024, stack(0x00000078b5300000,0x00000078b5400000) (1024K)]
  0x000001c7fcb1d1e0 JavaThread "WorkspaceEventsHandler"            [_thread_blocked, id=65028, stack(0x00000078b5400000,0x00000078b5500000) (1024K)]
  0x000001c7fcb21380 JavaThread "pool-1-thread-1"                   [_thread_blocked, id=65032, stack(0x00000078b5500000,0x00000078b5600000) (1024K)]
  0x000001c7fcb21a10 JavaThread "Timer-0"                           [_thread_blocked, id=65448, stack(0x00000078b3d00000,0x00000078b3e00000) (1024K)]
  0x000001c7fd9530c0 JavaThread "Exec process"                      [_thread_blocked, id=61276, stack(0x00000078b5600000,0x00000078b5700000) (1024K)]
  0x000001c7fd951680 JavaThread "Exec process Thread 2"             [_thread_blocked, id=55620, stack(0x00000078b5700000,0x00000078b5800000) (1024K)]
  0x000001c7fd953750 JavaThread "Exec process Thread 3"             [_thread_blocked, id=64880, stack(0x00000078b5800000,0x00000078b5900000) (1024K)]
  0x000001c7fd951d10 JavaThread "Timer-1"                           [_thread_blocked, id=65336, stack(0x00000078b4400000,0x00000078b4500000) (1024K)]
  0x000001c7fd953de0 JavaThread "Timer-2"                           [_thread_blocked, id=62296, stack(0x00000078b5900000,0x00000078b5a00000) (1024K)]
  0x000001c7fd9523a0 JavaThread "Timer-3"                           [_thread_blocked, id=63160, stack(0x00000078b5a00000,0x00000078b5b00000) (1024K)]
  0x000001c7fcb220a0 JavaThread "Timer-4"                           [_thread_blocked, id=62092, stack(0x00000078b5b00000,0x00000078b5c00000) (1024K)]
  0x000001c7fc9d6af0 JavaThread "Connection worker"                 [_thread_blocked, id=57672, stack(0x00000078b5c00000,0x00000078b5d00000) (1024K)]
  0x000001c7fc9d7180 JavaThread "pool-3-thread-1"                   [_thread_blocked, id=63968, stack(0x00000078b5d00000,0x00000078b5e00000) (1024K)]
  0x000001c7fc9d9250 JavaThread "Forward input"                     [_thread_blocked, id=57372, stack(0x00000078b6000000,0x00000078b6100000) (1024K)]
Total: 49

Other Threads:
  0x000001c7df8809b0 VMThread "VM Thread"                           [id=63924, stack(0x00000078b2500000,0x00000078b2600000) (1024K)]
  0x000001c7f3c0ca00 WatcherThread "VM Periodic Task Thread"        [id=64416, stack(0x00000078b2400000,0x00000078b2500000) (1024K)]
  0x000001c7df7fd300 WorkerThread "GC Thread#0"                     [id=64028, stack(0x00000078b2300000,0x00000078b2400000) (1024K)]
  0x000001c7fa0e3590 WorkerThread "GC Thread#1"                     [id=64252, stack(0x00000078b3100000,0x00000078b3200000) (1024K)]
  0x000001c7fa0e3d30 WorkerThread "GC Thread#2"                     [id=64356, stack(0x00000078b3200000,0x00000078b3300000) (1024K)]
  0x000001c7fa530c90 WorkerThread "GC Thread#3"                     [id=63168, stack(0x00000078b3300000,0x00000078b3400000) (1024K)]
  0x000001c7fa531030 WorkerThread "GC Thread#4"                     [id=40584, stack(0x00000078b3400000,0x00000078b3500000) (1024K)]
  0x000001c7fa48d3e0 WorkerThread "GC Thread#5"                     [id=13916, stack(0x00000078b3500000,0x00000078b3600000) (1024K)]
  0x000001c7fa48d780 WorkerThread "GC Thread#6"                     [id=64140, stack(0x00000078b3600000,0x00000078b3700000) (1024K)]
  0x000001c7fa6bcc30 WorkerThread "GC Thread#7"                     [id=64628, stack(0x00000078b3900000,0x00000078b3a00000) (1024K)]
Total: 10

Threads with active compile tasks:
C2 CompilerThread0  65922 8636       4       java.io.DataOutputStream::writeInt (28 bytes)
C1 CompilerThread0  65922 8679       3       java.io.ObjectStreamClass::computeFieldOffsets (308 bytes)
Total: 2

VM state: at safepoint (normal execution)

VM Mutex/Monitor currently owned by a thread:  ([mutex/lock_event])
[0x00007ffdcc67d380] Threads_lock - owner thread: 0x000001c7df8809b0
[0x00007ffdcc67d480] Heap_lock - owner thread: 0x000001c7fa4401a0
[0x00007ffdcc67d900] PSOldGenExpand_lock - owner thread: 0x000001c7fa48d3e0

Heap address: 0x00000000c0000000, size: 1024 MB, Compressed Oops mode: 32-bit

CDS archive(s) mapped at: [0x000001c780000000-0x000001c780ba0000-0x000001c780ba0000), size 12189696, SharedBaseAddress: 0x000001c780000000, ArchiveRelocationMode: 1.
Compressed class space mapped at: 0x000001c781000000-0x000001c7c1000000, reserved size: 1073741824
Narrow klass base: 0x000001c780000000, Narrow klass shift: 0, Narrow klass range: 0x100000000

GC Precious Log:
 CardTable entry size: 512
 CPUs: 8 total, 8 available
 Memory: 5877M
 Large Page Support: Disabled
 NUMA Support: Disabled
 Compressed Oops: Enabled (32-bit)
 Alignments: Space 512K, Generation 512K, Heap 2M
 Heap Min Capacity: 100M
 Heap Initial Capacity: 100M
 Heap Max Capacity: 1G
 Pre-touch: Disabled
 Parallel Workers: 8

Heap:
 PSYoungGen      total 4096K, used 3894K [0x00000000eab00000, 0x00000000eb000000, 0x0000000100000000)
  eden space 3072K, 100% used [0x00000000eab00000,0x00000000eae00000,0x00000000eae00000)
  from space 1024K, 80% used [0x00000000eae00000,0x00000000eaecd960,0x00000000eaf00000)
  to   space 1024K, 48% used [0x00000000eaf00000,0x00000000eaf7c068,0x00000000eb000000)
 ParOldGen       total 275456K, used 275452K [0x00000000c0000000, 0x00000000d0d00000, 0x00000000eab00000)
  object space 275456K, 99% used [0x00000000c0000000,0x00000000d0cff0d0,0x00000000d0d00000)
 Metaspace       used 66905K, committed 68288K, reserved 1114112K
  class space    used 8081K, committed 8640K, reserved 1048576K

Card table byte_map: [0x000001c7df1a0000,0x000001c7df3b0000] _byte_map_base: 0x000001c7deba0000

Marking Bits: (ParMarkBitMap*) 0x00007ffdcc682250
 Begin Bits: [0x000001c7f1b30000, 0x000001c7f2b30000)
 End Bits:   [0x000001c7f2b30000, 0x000001c7f3b30000)

Polling page: 0x000001c7dd5d0000

Metaspace:

Usage:
  Non-class:     57.45 MB used.
      Class:      7.89 MB used.
       Both:     65.34 MB used.

Virtual space:
  Non-class space:       64.00 MB reserved,      58.25 MB ( 91%) committed,  1 nodes.
      Class space:        1.00 GB reserved,       8.44 MB ( <1%) committed,  1 nodes.
             Both:        1.06 GB reserved,      66.69 MB (  6%) committed. 

Chunk freelists:
   Non-Class:  5.75 MB
       Class:  7.51 MB
        Both:  13.25 MB

MaxMetaspaceSize: unlimited
CompressedClassSpaceSize: 1.00 GB
Initial GC threshold: 21.00 MB
Current GC threshold: 97.31 MB
CDS: on
 - commit_granule_bytes: 65536.
 - commit_granule_words: 8192.
 - virtual_space_node_default_size: 8388608.
 - enlarge_chunks_in_place: 1.
 - use_allocation_guard: 0.


Internal statistics:

num_allocs_failed_limit: 9.
num_arena_births: 1096.
num_arena_deaths: 24.
num_vsnodes_births: 2.
num_vsnodes_deaths: 0.
num_space_committed: 1067.
num_space_uncommitted: 0.
num_chunks_returned_to_freelist: 37.
num_chunks_taken_from_freelist: 4040.
num_chunk_merges: 16.
num_chunk_splits: 2602.
num_chunks_enlarged: 1611.
num_inconsistent_stats: 0.

CodeHeap 'non-profiled nmethods': size=120000Kb used=5878Kb max_used=5878Kb free=114121Kb
 bounds [0x000001c7ea600000, 0x000001c7eabc0000, 0x000001c7f1b30000]
CodeHeap 'profiled nmethods': size=120000Kb used=16547Kb max_used=16547Kb free=103452Kb
 bounds [0x000001c7e2b30000, 0x000001c7e3b60000, 0x000001c7ea060000]
CodeHeap 'non-nmethods': size=5760Kb used=1402Kb max_used=1453Kb free=4357Kb
 bounds [0x000001c7ea060000, 0x000001c7ea2d0000, 0x000001c7ea600000]
 total_blobs=8621 nmethods=7907 adapters=620
 compilation: enabled
              stopped_count=0, restarted_count=0
 full_count=0

Compilation events (20 events):
Event: 63.849 Thread 0x000001c7f5826d20 8637       3       java.io.ObjectStreamClass::getSerialVersionUID (42 bytes)
Event: 63.849 Thread 0x000001c7f5826d20 nmethod 8637 0x000001c7e3b3f790 code [0x000001c7e3b3f9c0, 0x000001c7e3b40018]
Event: 63.850 Thread 0x000001c7f5826d20 8638       3       java.io.ObjectStreamClass::<init> (10 bytes)
Event: 63.850 Thread 0x000001c7f5826d20 nmethod 8638 0x000001c7e3b40310 code [0x000001c7e3b404c0, 0x000001c7e3b40628]
Event: 63.850 Thread 0x000001c7f5826d20 8639       1       java.io.ObjectStreamClass::getName (5 bytes)
Event: 63.850 Thread 0x000001c7f5826d20 nmethod 8639 0x000001c7eabbcb10 code [0x000001c7eabbcca0, 0x000001c7eabbcd68]
Event: 63.850 Thread 0x000001c7f5826d20 8640       1       java.io.ObjectStreamClass$FieldReflector::getFields (5 bytes)
Event: 63.850 Thread 0x000001c7f5826d20 nmethod 8640 0x000001c7eabbce10 code [0x000001c7eabbcfa0, 0x000001c7eabbd068]
Event: 63.851 Thread 0x000001c7f5826d20 8641       3       jdk.internal.event.Event::<init> (5 bytes)
Event: 63.851 Thread 0x000001c7f5826d20 nmethod 8641 0x000001c7e3b40710 code [0x000001c7e3b408c0, 0x000001c7e3b40a28]
Event: 63.851 Thread 0x000001c7f5826d20 8642       3       java.io.ObjectInputStream::readClassDesc (121 bytes)
Event: 63.852 Thread 0x000001c7f5826d20 nmethod 8642 0x000001c7e3b40b10 code [0x000001c7e3b40e80, 0x000001c7e3b42260]
Event: 63.853 Thread 0x000001c7f5826d20 8645       3       java.io.ObjectInputStream::readByte (8 bytes)
Event: 63.853 Thread 0x000001c7f5826d20 nmethod 8645 0x000001c7e3b42990 code [0x000001c7e3b42b60, 0x000001c7e3b42e20]
Event: 63.853 Thread 0x000001c7f5826d20 8646       3       java.io.ObjectInputStream::readUTF (8 bytes)
Event: 63.853 Thread 0x000001c7f5826d20 nmethod 8646 0x000001c7e3b42f90 code [0x000001c7e3b43160, 0x000001c7e3b43368]
Event: 63.853 Thread 0x000001c7f5826d20 8643   !   3       java.io.ObjectInputStream::filterCheck (359 bytes)
Event: 63.855 Thread 0x000001c7f5826d20 nmethod 8643 0x000001c7e3b43490 code [0x000001c7e3b438a0, 0x000001c7e3b45998]
Event: 63.855 Thread 0x000001c7f5826d20 8644       3       java.io.ObjectInputStream$BlockDataInputStream::getBytesRead (8 bytes)
Event: 63.856 Thread 0x000001c7f5826d20 nmethod 8644 0x000001c7e3b46510 code [0x000001c7e3b466c0, 0x000001c7e3b46800]

GC Heap History (20 events):
Event: 62.701 GC heap before
{Heap before GC invocations=267 (full 3):
 PSYoungGen      total 3584K, used 3227K [0x00000000eab00000, 0x00000000eaf80000, 0x0000000100000000)
  eden space 2560K, 99% used [0x00000000eab00000,0x00000000ead7f2d8,0x00000000ead80000)
  from space 1024K, 65% used [0x00000000ead80000,0x00000000eae27950,0x00000000eae80000)
  to   space 1024K, 0% used [0x00000000eae80000,0x00000000eae80000,0x00000000eaf80000)
 ParOldGen       total 269312K, used 269242K [0x00000000c0000000, 0x00000000d0700000, 0x00000000eab00000)
  object space 269312K, 99% used [0x00000000c0000000,0x00000000d06eea38,0x00000000d0700000)
 Metaspace       used 66833K, committed 68160K, reserved 1114112K
  class space    used 8079K, committed 8640K, reserved 1048576K
}
Event: 62.703 GC heap after
{Heap after GC invocations=267 (full 3):
 PSYoungGen      total 3584K, used 749K [0x00000000eab00000, 0x00000000eaf80000, 0x0000000100000000)
  eden space 2560K, 0% used [0x00000000eab00000,0x00000000eab00000,0x00000000ead80000)
  from space 1024K, 73% used [0x00000000eae80000,0x00000000eaf3b5e0,0x00000000eaf80000)
  to   space 1024K, 0% used [0x00000000ead80000,0x00000000ead80000,0x00000000eae80000)
 ParOldGen       total 270336K, used 269868K [0x00000000c0000000, 0x00000000d0800000, 0x00000000eab00000)
  object space 270336K, 99% used [0x00000000c0000000,0x00000000d078b1e0,0x00000000d0800000)
 Metaspace       used 66833K, committed 68160K, reserved 1114112K
  class space    used 8079K, committed 8640K, reserved 1048576K
}
Event: 62.718 GC heap before
{Heap before GC invocations=268 (full 3):
 PSYoungGen      total 3584K, used 3309K [0x00000000eab00000, 0x00000000eaf80000, 0x0000000100000000)
  eden space 2560K, 100% used [0x00000000eab00000,0x00000000ead80000,0x00000000ead80000)
  from space 1024K, 73% used [0x00000000eae80000,0x00000000eaf3b5e0,0x00000000eaf80000)
  to   space 1024K, 0% used [0x00000000ead80000,0x00000000ead80000,0x00000000eae80000)
 ParOldGen       total 270336K, used 269868K [0x00000000c0000000, 0x00000000d0800000, 0x00000000eab00000)
  object space 270336K, 99% used [0x00000000c0000000,0x00000000d078b1e0,0x00000000d0800000)
 Metaspace       used 66833K, committed 68160K, reserved 1114112K
  class space    used 8079K, committed 8640K, reserved 1048576K
}
Event: 62.720 GC heap after
{Heap after GC invocations=268 (full 3):
 PSYoungGen      total 3584K, used 767K [0x00000000eab00000, 0x00000000eaf80000, 0x0000000100000000)
  eden space 2560K, 0% used [0x00000000eab00000,0x00000000eab00000,0x00000000ead80000)
  from space 1024K, 74% used [0x00000000ead80000,0x00000000eae3fd98,0x00000000eae80000)
  to   space 1024K, 0% used [0x00000000eae80000,0x00000000eae80000,0x00000000eaf80000)
 ParOldGen       total 270848K, used 270448K [0x00000000c0000000, 0x00000000d0880000, 0x00000000eab00000)
  object space 270848K, 99% used [0x00000000c0000000,0x00000000d081c028,0x00000000d0880000)
 Metaspace       used 66833K, committed 68160K, reserved 1114112K
  class space    used 8079K, committed 8640K, reserved 1048576K
}
Event: 62.733 GC heap before
{Heap before GC invocations=269 (full 3):
 PSYoungGen      total 3584K, used 3327K [0x00000000eab00000, 0x00000000eaf80000, 0x0000000100000000)
  eden space 2560K, 100% used [0x00000000eab00000,0x00000000ead80000,0x00000000ead80000)
  from space 1024K, 74% used [0x00000000ead80000,0x00000000eae3fd98,0x00000000eae80000)
  to   space 1024K, 0% used [0x00000000eae80000,0x00000000eae80000,0x00000000eaf80000)
 ParOldGen       total 270848K, used 270448K [0x00000000c0000000, 0x00000000d0880000, 0x00000000eab00000)
  object space 270848K, 99% used [0x00000000c0000000,0x00000000d081c028,0x00000000d0880000)
 Metaspace       used 66833K, committed 68160K, reserved 1114112K
  class space    used 8079K, committed 8640K, reserved 1048576K
}
Event: 62.735 GC heap after
{Heap after GC invocations=269 (full 3):
 PSYoungGen      total 3584K, used 707K [0x00000000eab00000, 0x00000000eaf80000, 0x0000000100000000)
  eden space 2560K, 0% used [0x00000000eab00000,0x00000000eab00000,0x00000000ead80000)
  from space 1024K, 69% used [0x00000000eae80000,0x00000000eaf30c60,0x00000000eaf80000)
  to   space 1024K, 0% used [0x00000000ead80000,0x00000000ead80000,0x00000000eae80000)
 ParOldGen       total 271360K, used 271047K [0x00000000c0000000, 0x00000000d0900000, 0x00000000eab00000)
  object space 271360K, 99% used [0x00000000c0000000,0x00000000d08b1eb8,0x00000000d0900000)
 Metaspace       used 66833K, committed 68160K, reserved 1114112K
  class space    used 8079K, committed 8640K, reserved 1048576K
}
Event: 62.747 GC heap before
{Heap before GC invocations=270 (full 3):
 PSYoungGen      total 3584K, used 3267K [0x00000000eab00000, 0x00000000eaf80000, 0x0000000100000000)
  eden space 2560K, 100% used [0x00000000eab00000,0x00000000ead80000,0x00000000ead80000)
  from space 1024K, 69% used [0x00000000eae80000,0x00000000eaf30c60,0x00000000eaf80000)
  to   space 1024K, 0% used [0x00000000ead80000,0x00000000ead80000,0x00000000eae80000)
 ParOldGen       total 271360K, used 271047K [0x00000000c0000000, 0x00000000d0900000, 0x00000000eab00000)
  object space 271360K, 99% used [0x00000000c0000000,0x00000000d08b1eb8,0x00000000d0900000)
 Metaspace       used 66833K, committed 68160K, reserved 1114112K
  class space    used 8079K, committed 8640K, reserved 1048576K
}
Event: 62.749 GC heap after
{Heap after GC invocations=270 (full 3):
 PSYoungGen      total 3584K, used 742K [0x00000000eab00000, 0x00000000eaf80000, 0x0000000100000000)
  eden space 2560K, 0% used [0x00000000eab00000,0x00000000eab00000,0x00000000ead80000)
  from space 1024K, 72% used [0x00000000ead80000,0x00000000eae39a20,0x00000000eae80000)
  to   space 1024K, 0% used [0x00000000eae80000,0x00000000eae80000,0x00000000eaf80000)
 ParOldGen       total 271872K, used 271658K [0x00000000c0000000, 0x00000000d0980000, 0x00000000eab00000)
  object space 271872K, 99% used [0x00000000c0000000,0x00000000d094a980,0x00000000d0980000)
 Metaspace       used 66833K, committed 68160K, reserved 1114112K
  class space    used 8079K, committed 8640K, reserved 1048576K
}
Event: 62.762 GC heap before
{Heap before GC invocations=271 (full 3):
 PSYoungGen      total 3584K, used 3302K [0x00000000eab00000, 0x00000000eaf80000, 0x0000000100000000)
  eden space 2560K, 100% used [0x00000000eab00000,0x00000000ead80000,0x00000000ead80000)
  from space 1024K, 72% used [0x00000000ead80000,0x00000000eae39a20,0x00000000eae80000)
  to   space 1024K, 0% used [0x00000000eae80000,0x00000000eae80000,0x00000000eaf80000)
 ParOldGen       total 271872K, used 271658K [0x00000000c0000000, 0x00000000d0980000, 0x00000000eab00000)
  object space 271872K, 99% used [0x00000000c0000000,0x00000000d094a980,0x00000000d0980000)
 Metaspace       used 66833K, committed 68160K, reserved 1114112K
  class space    used 8079K, committed 8640K, reserved 1048576K
}
Event: 62.764 GC heap after
{Heap after GC invocations=271 (full 3):
 PSYoungGen      total 3584K, used 736K [0x00000000eab00000, 0x00000000eaf80000, 0x0000000100000000)
  eden space 2560K, 0% used [0x00000000eab00000,0x00000000eab00000,0x00000000ead80000)
  from space 1024K, 71% used [0x00000000eae80000,0x00000000eaf38000,0x00000000eaf80000)
  to   space 1024K, 0% used [0x00000000ead80000,0x00000000ead80000,0x00000000eae80000)
 ParOldGen       total 272384K, used 272249K [0x00000000c0000000, 0x00000000d0a00000, 0x00000000eab00000)
  object space 272384K, 99% used [0x00000000c0000000,0x00000000d09de660,0x00000000d0a00000)
 Metaspace       used 66833K, committed 68160K, reserved 1114112K
  class space    used 8079K, committed 8640K, reserved 1048576K
}
Event: 62.784 GC heap before
{Heap before GC invocations=272 (full 3):
 PSYoungGen      total 3584K, used 3296K [0x00000000eab00000, 0x00000000eaf80000, 0x0000000100000000)
  eden space 2560K, 100% used [0x00000000eab00000,0x00000000ead80000,0x00000000ead80000)
  from space 1024K, 71% used [0x00000000eae80000,0x00000000eaf38000,0x00000000eaf80000)
  to   space 1024K, 0% used [0x00000000ead80000,0x00000000ead80000,0x00000000eae80000)
 ParOldGen       total 272384K, used 272249K [0x00000000c0000000, 0x00000000d0a00000, 0x00000000eab00000)
  object space 272384K, 99% used [0x00000000c0000000,0x00000000d09de660,0x00000000d0a00000)
 Metaspace       used 66833K, committed 68160K, reserved 1114112K
  class space    used 8079K, committed 8640K, reserved 1048576K
}
Event: 62.787 GC heap after
{Heap after GC invocations=272 (full 3):
 PSYoungGen      total 3584K, used 672K [0x00000000eab00000, 0x00000000eaf80000, 0x0000000100000000)
  eden space 2560K, 0% used [0x00000000eab00000,0x00000000eab00000,0x00000000ead80000)
  from space 1024K, 65% used [0x00000000ead80000,0x00000000eae28000,0x00000000eae80000)
  to   space 1024K, 0% used [0x00000000eae80000,0x00000000eae80000,0x00000000eaf80000)
 ParOldGen       total 272896K, used 272805K [0x00000000c0000000, 0x00000000d0a80000, 0x00000000eab00000)
  object space 272896K, 99% used [0x00000000c0000000,0x00000000d0a697e8,0x00000000d0a80000)
 Metaspace       used 66833K, committed 68160K, reserved 1114112K
  class space    used 8079K, committed 8640K, reserved 1048576K
}
Event: 62.809 GC heap before
{Heap before GC invocations=273 (full 3):
 PSYoungGen      total 3584K, used 3232K [0x00000000eab00000, 0x00000000eaf80000, 0x0000000100000000)
  eden space 2560K, 100% used [0x00000000eab00000,0x00000000ead80000,0x00000000ead80000)
  from space 1024K, 65% used [0x00000000ead80000,0x00000000eae28000,0x00000000eae80000)
  to   space 1024K, 0% used [0x00000000eae80000,0x00000000eae80000,0x00000000eaf80000)
 ParOldGen       total 272896K, used 272805K [0x00000000c0000000, 0x00000000d0a80000, 0x00000000eab00000)
  object space 272896K, 99% used [0x00000000c0000000,0x00000000d0a697e8,0x00000000d0a80000)
 Metaspace       used 66833K, committed 68160K, reserved 1114112K
  class space    used 8079K, committed 8640K, reserved 1048576K
}
Event: 63.811 GC heap after
{Heap after GC invocations=273 (full 3):
 PSYoungGen      total 3584K, used 736K [0x00000000eab00000, 0x00000000eb000000, 0x0000000100000000)
  eden space 2560K, 0% used [0x00000000eab00000,0x00000000eab00000,0x00000000ead80000)
  from space 1024K, 71% used [0x00000000eae80000,0x00000000eaf38000,0x00000000eaf80000)
  to   space 1024K, 0% used [0x00000000ead80000,0x00000000ead80000,0x00000000eae80000)
 ParOldGen       total 273408K, used 273376K [0x00000000c0000000, 0x00000000d0b00000, 0x00000000eab00000)
  object space 273408K, 99% used [0x00000000c0000000,0x00000000d0af8210,0x00000000d0b00000)
 Metaspace       used 66833K, committed 68160K, reserved 1114112K
  class space    used 8079K, committed 8640K, reserved 1048576K
}
Event: 63.823 GC heap before
{Heap before GC invocations=274 (full 3):
 PSYoungGen      total 3584K, used 3296K [0x00000000eab00000, 0x00000000eb000000, 0x0000000100000000)
  eden space 2560K, 100% used [0x00000000eab00000,0x00000000ead80000,0x00000000ead80000)
  from space 1024K, 71% used [0x00000000eae80000,0x00000000eaf38000,0x00000000eaf80000)
  to   space 1024K, 0% used [0x00000000ead80000,0x00000000ead80000,0x00000000eae80000)
 ParOldGen       total 273408K, used 273376K [0x00000000c0000000, 0x00000000d0b00000, 0x00000000eab00000)
  object space 273408K, 99% used [0x00000000c0000000,0x00000000d0af8210,0x00000000d0b00000)
 Metaspace       used 66838K, committed 68160K, reserved 1114112K
  class space    used 8079K, committed 8640K, reserved 1048576K
}
Event: 63.825 GC heap after
{Heap after GC invocations=274 (full 3):
 PSYoungGen      total 3584K, used 672K [0x00000000eab00000, 0x00000000eb000000, 0x0000000100000000)
  eden space 2560K, 0% used [0x00000000eab00000,0x00000000eab00000,0x00000000ead80000)
  from space 1024K, 65% used [0x00000000ead80000,0x00000000eae28000,0x00000000eae80000)
  to   space 1024K, 0% used [0x00000000eaf00000,0x00000000eaf00000,0x00000000eb000000)
 ParOldGen       total 274432K, used 273969K [0x00000000c0000000, 0x00000000d0c00000, 0x00000000eab00000)
  object space 274432K, 99% used [0x00000000c0000000,0x00000000d0b8c728,0x00000000d0c00000)
 Metaspace       used 66838K, committed 68160K, reserved 1114112K
  class space    used 8079K, committed 8640K, reserved 1048576K
}
Event: 63.835 GC heap before
{Heap before GC invocations=275 (full 3):
 PSYoungGen      total 3584K, used 3232K [0x00000000eab00000, 0x00000000eb000000, 0x0000000100000000)
  eden space 2560K, 100% used [0x00000000eab00000,0x00000000ead80000,0x00000000ead80000)
  from space 1024K, 65% used [0x00000000ead80000,0x00000000eae28000,0x00000000eae80000)
  to   space 1024K, 0% used [0x00000000eaf00000,0x00000000eaf00000,0x00000000eb000000)
 ParOldGen       total 274432K, used 273969K [0x00000000c0000000, 0x00000000d0c00000, 0x00000000eab00000)
  object space 274432K, 99% used [0x00000000c0000000,0x00000000d0b8c728,0x00000000d0c00000)
 Metaspace       used 66841K, committed 68160K, reserved 1114112K
  class space    used 8080K, committed 8640K, reserved 1048576K
}
Event: 63.838 GC heap after
{Heap after GC invocations=275 (full 3):
 PSYoungGen      total 4096K, used 640K [0x00000000eab00000, 0x00000000eb000000, 0x0000000100000000)
  eden space 3072K, 0% used [0x00000000eab00000,0x00000000eab00000,0x00000000eae00000)
  from space 1024K, 62% used [0x00000000eaf00000,0x00000000eafa0000,0x00000000eb000000)
  to   space 1024K, 0% used [0x00000000eae00000,0x00000000eae00000,0x00000000eaf00000)
 ParOldGen       total 274944K, used 274529K [0x00000000c0000000, 0x00000000d0c80000, 0x00000000eab00000)
  object space 274944K, 99% used [0x00000000c0000000,0x00000000d0c185d8,0x00000000d0c80000)
 Metaspace       used 66841K, committed 68160K, reserved 1114112K
  class space    used 8080K, committed 8640K, reserved 1048576K
}
Event: 63.857 GC heap before
{Heap before GC invocations=276 (full 3):
 PSYoungGen      total 4096K, used 3712K [0x00000000eab00000, 0x00000000eb000000, 0x0000000100000000)
  eden space 3072K, 100% used [0x00000000eab00000,0x00000000eae00000,0x00000000eae00000)
  from space 1024K, 62% used [0x00000000eaf00000,0x00000000eafa0000,0x00000000eb000000)
  to   space 1024K, 0% used [0x00000000eae00000,0x00000000eae00000,0x00000000eaf00000)
 ParOldGen       total 274944K, used 274529K [0x00000000c0000000, 0x00000000d0c80000, 0x00000000eab00000)
  object space 274944K, 99% used [0x00000000c0000000,0x00000000d0c185d8,0x00000000d0c80000)
 Metaspace       used 66872K, committed 68288K, reserved 1114112K
  class space    used 8081K, committed 8640K, reserved 1048576K
}
Event: 65.864 GC heap after
{Heap after GC invocations=276 (full 3):
 PSYoungGen      total 4096K, used 822K [0x00000000eab00000, 0x00000000eb000000, 0x0000000100000000)
  eden space 3072K, 0% used [0x00000000eab00000,0x00000000eab00000,0x00000000eae00000)
  from space 1024K, 80% used [0x00000000eae00000,0x00000000eaecd960,0x00000000eaf00000)
  to   space 1024K, 0% used [0x00000000eaf00000,0x00000000eaf00000,0x00000000eb000000)
 ParOldGen       total 275456K, used 275092K [0x00000000c0000000, 0x00000000d0d00000, 0x00000000eab00000)
  object space 275456K, 99% used [0x00000000c0000000,0x00000000d0ca5220,0x00000000d0d00000)
 Metaspace       used 66872K, committed 68288K, reserved 1114112K
  class space    used 8081K, committed 8640K, reserved 1048576K
}

Dll operation events (15 events):
Event: 0.024 Loaded shared library c:\Users\Lenovo\.cursor\extensions\redhat.java-1.39.0-win32-x64\jre\21.0.5-win32-x86_64\bin\java.dll
Event: 0.688 Loaded shared library c:\Users\Lenovo\.cursor\extensions\redhat.java-1.39.0-win32-x64\jre\21.0.5-win32-x86_64\bin\zip.dll
Event: 0.745 Loaded shared library C:\Users\Lenovo\.cursor\extensions\redhat.java-1.39.0-win32-x64\jre\21.0.5-win32-x86_64\bin\instrument.dll
Event: 0.766 Loaded shared library C:\Users\Lenovo\.cursor\extensions\redhat.java-1.39.0-win32-x64\jre\21.0.5-win32-x86_64\bin\net.dll
Event: 0.769 Loaded shared library C:\Users\Lenovo\.cursor\extensions\redhat.java-1.39.0-win32-x64\jre\21.0.5-win32-x86_64\bin\nio.dll
Event: 0.775 Loaded shared library C:\Users\Lenovo\.cursor\extensions\redhat.java-1.39.0-win32-x64\jre\21.0.5-win32-x86_64\bin\zip.dll
Event: 0.899 Loaded shared library C:\Users\Lenovo\.cursor\extensions\redhat.java-1.39.0-win32-x64\jre\21.0.5-win32-x86_64\bin\jimage.dll
Event: 1.276 Loaded shared library c:\Users\Lenovo\.cursor\extensions\redhat.java-1.39.0-win32-x64\jre\21.0.5-win32-x86_64\bin\verify.dll
Event: 5.216 Loaded shared library C:\Users\Lenovo\AppData\Roaming\Cursor\User\globalStorage\redhat.java\1.39.0\config_win\org.eclipse.equinox.launcher\org.eclipse.equinox.launcher.win32.win32.x86_64_1.2.1100.v20240722-2106\eclipse_11904.dll
Event: 11.970 Loaded shared library C:\Users\Lenovo\AppData\Local\Temp\jna--1997884908\jna11630949636863174495.dll
Event: 30.630 Loaded shared library C:\Users\Lenovo\.gradle\native\c067742578af261105cb4f569cf0c3c89f3d7b1fecec35dd04571415982c5e48\windows-amd64\native-platform.dll
Event: 35.831 Loaded shared library C:\Users\Lenovo\.cursor\extensions\redhat.java-1.39.0-win32-x64\jre\21.0.5-win32-x86_64\bin\management.dll
Event: 35.847 Loaded shared library C:\Users\Lenovo\.cursor\extensions\redhat.java-1.39.0-win32-x64\jre\21.0.5-win32-x86_64\bin\management_ext.dll
Event: 50.151 Loaded shared library C:\Users\Lenovo\.cursor\extensions\redhat.java-1.39.0-win32-x64\jre\21.0.5-win32-x86_64\bin\extnet.dll
Event: 50.600 Loaded shared library C:\Users\Lenovo\.cursor\extensions\redhat.java-1.39.0-win32-x64\jre\21.0.5-win32-x86_64\bin\sunmscapi.dll

Deoptimization events (20 events):
Event: 62.471 Thread 0x000001c7fc9d6af0 Uncommon trap: trap_request=0xffffffc6 fr.pc=0x000001c7ea92dd64 relative=0x00000000000008c4
Event: 62.471 Thread 0x000001c7fc9d6af0 Uncommon trap: reason=bimorphic_or_optimized_type_check action=maybe_recompile pc=0x000001c7ea92dd64 method=java.util.concurrent.ConcurrentHashMap.replaceNode(Ljava/lang/Object;Ljava/lang/Object;Ljava/lang/Object;)Ljava/lang/Object; @ 147 c2
Event: 62.471 Thread 0x000001c7fc9d6af0 DEOPT PACKING pc=0x000001c7ea92dd64 sp=0x00000078b5cfe6c0
Event: 62.471 Thread 0x000001c7fc9d6af0 DEOPT UNPACKING pc=0x000001c7ea0b3aa2 sp=0x00000078b5cfe648 mode 2
Event: 63.813 Thread 0x000001c7fc9d6af0 Uncommon trap: trap_request=0xffffffde fr.pc=0x000001c7ea920d2c relative=0x000000000000008c
Event: 63.814 Thread 0x000001c7fc9d6af0 Uncommon trap: reason=class_check action=maybe_recompile pc=0x000001c7ea920d2c method=java.util.Collections$SetFromMap.remove(Ljava/lang/Object;)Z @ 5 c2
Event: 63.814 Thread 0x000001c7fc9d6af0 DEOPT PACKING pc=0x000001c7ea920d2c sp=0x00000078b5cfe800
Event: 63.814 Thread 0x000001c7fc9d6af0 DEOPT UNPACKING pc=0x000001c7ea0b3aa2 sp=0x00000078b5cfe798 mode 2
Event: 63.814 Thread 0x000001c7fc9d6af0 Uncommon trap: trap_request=0xffffffc6 fr.pc=0x000001c7ea92dd64 relative=0x00000000000008c4
Event: 63.814 Thread 0x000001c7fc9d6af0 Uncommon trap: reason=bimorphic_or_optimized_type_check action=maybe_recompile pc=0x000001c7ea92dd64 method=java.util.concurrent.ConcurrentHashMap.replaceNode(Ljava/lang/Object;Ljava/lang/Object;Ljava/lang/Object;)Ljava/lang/Object; @ 147 c2
Event: 63.814 Thread 0x000001c7fc9d6af0 DEOPT PACKING pc=0x000001c7ea92dd64 sp=0x00000078b5cfe6c0
Event: 63.814 Thread 0x000001c7fc9d6af0 DEOPT UNPACKING pc=0x000001c7ea0b3aa2 sp=0x00000078b5cfe648 mode 2
Event: 63.849 Thread 0x000001c7fc9d6af0 Uncommon trap: trap_request=0xffffffdc fr.pc=0x000001c7eabb056c relative=0x00000000000002ac
Event: 63.849 Thread 0x000001c7fc9d6af0 Uncommon trap: reason=class_check action=make_not_entrant pc=0x000001c7eabb056c method=java.util.ArrayList.toArray([Ljava/lang/Object;)[Ljava/lang/Object; @ 21 c2
Event: 63.849 Thread 0x000001c7fc9d6af0 DEOPT PACKING pc=0x000001c7eabb056c sp=0x00000078b5cfe460
Event: 63.849 Thread 0x000001c7fc9d6af0 DEOPT UNPACKING pc=0x000001c7ea0b3aa2 sp=0x00000078b5cfe430 mode 2
Event: 63.852 Thread 0x000001c7fc9d6af0 Uncommon trap: trap_request=0xffffffc6 fr.pc=0x000001c7ea92dd64 relative=0x00000000000008c4
Event: 63.852 Thread 0x000001c7fc9d6af0 Uncommon trap: reason=bimorphic_or_optimized_type_check action=maybe_recompile pc=0x000001c7ea92dd64 method=java.util.concurrent.ConcurrentHashMap.replaceNode(Ljava/lang/Object;Ljava/lang/Object;Ljava/lang/Object;)Ljava/lang/Object; @ 147 c2
Event: 63.852 Thread 0x000001c7fc9d6af0 DEOPT PACKING pc=0x000001c7ea92dd64 sp=0x00000078b5cfe6c0
Event: 63.852 Thread 0x000001c7fc9d6af0 DEOPT UNPACKING pc=0x000001c7ea0b3aa2 sp=0x00000078b5cfe648 mode 2

Classes loaded (20 events):
Event: 50.765 Loading class java/lang/invoke/ConstantBootstraps
Event: 50.766 Loading class java/lang/invoke/ConstantBootstraps done
Event: 50.855 Loading class java/io/ObjectStreamClass$1
Event: 50.859 Loading class java/io/ObjectStreamClass$1 done
Event: 50.861 Loading class java/io/ObjectStreamClass$MemberSignature
Event: 50.869 Loading class java/io/ObjectStreamClass$MemberSignature done
Event: 50.869 Loading class java/io/ObjectStreamClass$3
Event: 50.870 Loading class java/io/ObjectStreamClass$3 done
Event: 50.871 Loading class java/io/ObjectStreamClass$4
Event: 50.872 Loading class java/io/ObjectStreamClass$4 done
Event: 50.872 Loading class java/io/ObjectStreamClass$5
Event: 50.875 Loading class java/io/ObjectStreamClass$5 done
Event: 50.892 Loading class java/net/UrlDeserializedState
Event: 50.897 Loading class java/net/UrlDeserializedState done
Event: 50.903 Loading class java/net/Proxy
Event: 50.904 Loading class java/net/Proxy done
Event: 50.929 Loading class java/nio/channels/spi/AbstractSelector$1
Event: 50.929 Loading class java/nio/channels/spi/AbstractSelector$1 done
Event: 54.883 Loading class java/lang/UnsupportedClassVersionError
Event: 54.884 Loading class java/lang/UnsupportedClassVersionError done

Classes unloaded (12 events):
Event: 13.934 Thread 0x000001c7df8809b0 Unloading class 0x000001c78119f400 'java/lang/invoke/LambdaForm$MH+0x000001c78119f400'
Event: 13.934 Thread 0x000001c7df8809b0 Unloading class 0x000001c78119f000 'java/lang/invoke/LambdaForm$MH+0x000001c78119f000'
Event: 13.934 Thread 0x000001c7df8809b0 Unloading class 0x000001c78119ec00 'java/lang/invoke/LambdaForm$MH+0x000001c78119ec00'
Event: 13.934 Thread 0x000001c7df8809b0 Unloading class 0x000001c78119e800 'java/lang/invoke/LambdaForm$MH+0x000001c78119e800'
Event: 13.934 Thread 0x000001c7df8809b0 Unloading class 0x000001c78119e400 'java/lang/invoke/LambdaForm$BMH+0x000001c78119e400'
Event: 13.934 Thread 0x000001c7df8809b0 Unloading class 0x000001c78119e000 'java/lang/invoke/LambdaForm$DMH+0x000001c78119e000'
Event: 13.934 Thread 0x000001c7df8809b0 Unloading class 0x000001c78119cc00 'java/lang/invoke/LambdaForm$DMH+0x000001c78119cc00'
Event: 17.160 Thread 0x000001c7df8809b0 Unloading class 0x000001c781293000 'java/lang/invoke/LambdaForm$MH+0x000001c781293000'
Event: 17.160 Thread 0x000001c7df8809b0 Unloading class 0x000001c781291c00 'java/lang/invoke/LambdaForm$MH+0x000001c781291c00'
Event: 17.160 Thread 0x000001c7df8809b0 Unloading class 0x000001c781291800 'java/lang/invoke/LambdaForm$MH+0x000001c781291800'
Event: 17.160 Thread 0x000001c7df8809b0 Unloading class 0x000001c781291000 'java/lang/invoke/LambdaForm$MH+0x000001c781291000'
Event: 17.160 Thread 0x000001c7df8809b0 Unloading class 0x000001c781290800 'java/lang/invoke/LambdaForm$MH+0x000001c781290800'

Classes redefined (0 events):
No events

Internal exceptions (20 events):
Event: 37.760 Thread 0x000001c7fd9530c0 Exception <a 'java/lang/NoSuchMethodError'{0x00000000eae2bd58}: 'java.lang.Object java.lang.invoke.DirectMethodHandle$Holder.newInvokeSpecial(java.lang.Object, java.lang.Object, int)'> (0x00000000eae2bd58) 
thrown [s\src\hotspot\share\interpreter\linkResolver.cpp, line 773]
Event: 37.852 Thread 0x000001c7fa440ec0 Exception <a 'sun/nio/fs/WindowsException'{0x00000000eab82d70}> (0x00000000eab82d70) 
thrown [s\src\hotspot\share\prims\jni.cpp, line 520]
Event: 37.852 Thread 0x000001c7fa440ec0 Exception <a 'sun/nio/fs/WindowsException'{0x00000000eab833a0}> (0x00000000eab833a0) 
thrown [s\src\hotspot\share\prims\jni.cpp, line 520]
Event: 37.854 Thread 0x000001c7fa440ec0 Exception <a 'sun/nio/fs/WindowsException'{0x00000000eab84db8}> (0x00000000eab84db8) 
thrown [s\src\hotspot\share\prims\jni.cpp, line 520]
Event: 37.859 Thread 0x000001c7fa440ec0 Exception <a 'sun/nio/fs/WindowsException'{0x00000000eab85408}> (0x00000000eab85408) 
thrown [s\src\hotspot\share\prims\jni.cpp, line 520]
Event: 49.998 Thread 0x000001c7fc9d6af0 Exception <a 'java/lang/NoSuchMethodError'{0x00000000eb17eac8}: 'long java.lang.invoke.DirectMethodHandle$Holder.invokeVirtual(java.lang.Object, java.lang.Object)'> (0x00000000eb17eac8) 
thrown [s\src\hotspot\share\interpreter\linkResolver.cpp, line 773]
Event: 49.999 Thread 0x000001c7fc9d6af0 Exception <a 'java/lang/NoSuchMethodError'{0x00000000eb181ec8}: 'long java.lang.invoke.DelegatingMethodHandle$Holder.reinvoke_L(java.lang.Object, java.lang.Object)'> (0x00000000eb181ec8) 
thrown [s\src\hotspot\share\interpreter\linkResolver.cpp, line 773]
Event: 50.871 Thread 0x000001c7fc9d6af0 Exception <a 'java/lang/NoSuchMethodError'{0x00000000eb41c0e0}: static Lorg/gradle/tooling/internal/provider/serialization/ClassLoaderDetails;.<clinit>()V> (0x00000000eb41c0e0) 
thrown [s\src\hotspot\share\prims\jni.cpp, line 1111]
Event: 50.881 Thread 0x000001c7fc9d6af0 Exception <a 'java/lang/NoSuchMethodError'{0x00000000eb43fdf0}: static Lorg/gradle/tooling/internal/provider/serialization/WellKnownClassLoaderRegistry$KnownClassLoaderSpec;.<clinit>()V> (0x00000000eb43fdf0) 
thrown [s\src\hotspot\share\prims\jni.cpp, line 1111]
Event: 50.882 Thread 0x000001c7fc9d6af0 Exception <a 'java/lang/NoSuchMethodError'{0x00000000eb441698}: static Lorg/gradle/internal/classloader/ClassLoaderSpec;.<clinit>()V> (0x00000000eb441698) 
thrown [s\src\hotspot\share\prims\jni.cpp, line 1111]
Event: 50.890 Thread 0x000001c7fc9d6af0 Exception <a 'java/lang/NoSuchMethodError'{0x00000000eb45e2a8}: static Lorg/gradle/tooling/internal/provider/serialization/ClientOwnedClassLoaderSpec;.<clinit>()V> (0x00000000eb45e2a8) 
thrown [s\src\hotspot\share\prims\jni.cpp, line 1111]
Event: 54.898 Thread 0x000001c7fc9d6af0 Exception <a 'java/lang/NoSuchMethodError'{0x00000000eab0ec18}: static Lorg/gradle/internal/build/event/types/AbstractProgressEvent;.<clinit>()V> (0x00000000eab0ec18) 
thrown [s\src\hotspot\share\prims\jni.cpp, line 1111]
Event: 54.899 Thread 0x000001c7fc9d6af0 Exception <a 'java/lang/NoSuchMethodError'{0x00000000eab594b0}: static Lorg/gradle/internal/build/event/types/DefaultOperationStartedProgressEvent;.<clinit>()V> (0x00000000eab594b0) 
thrown [s\src\hotspot\share\prims\jni.cpp, line 1111]
Event: 54.903 Thread 0x000001c7fc9d6af0 Exception <a 'java/lang/NoSuchMethodError'{0x00000000eaba3918}: static Lorg/gradle/internal/build/event/types/DefaultOperationDescriptor;.<clinit>()V> (0x00000000eaba3918) 
thrown [s\src\hotspot\share\prims\jni.cpp, line 1111]
Event: 54.905 Thread 0x000001c7fc9d6af0 Exception <a 'java/lang/NoSuchMethodError'{0x00000000eabb2f80}: static Lorg/gradle/internal/operations/OperationIdentifier;.<clinit>()V> (0x00000000eabb2f80) 
thrown [s\src\hotspot\share\prims\jni.cpp, line 1111]
Event: 57.066 Thread 0x000001c7fc9d6af0 Exception <a 'java/lang/NoSuchMethodError'{0x00000000eab1f8d0}: static Lorg/gradle/internal/build/event/types/DefaultOperationFinishedProgressEvent;.<clinit>()V> (0x00000000eab1f8d0) 
thrown [s\src\hotspot\share\prims\jni.cpp, line 1111]
Event: 57.070 Thread 0x000001c7fc9d6af0 Exception <a 'java/lang/NoSuchMethodError'{0x00000000eab494b0}: static Lorg/gradle/internal/build/event/types/AbstractResult;.<clinit>()V> (0x00000000eab494b0) 
thrown [s\src\hotspot\share\prims\jni.cpp, line 1111]
Event: 57.072 Thread 0x000001c7fc9d6af0 Exception <a 'java/lang/NoSuchMethodError'{0x00000000eab842f0}: static Lorg/gradle/internal/build/event/types/AbstractOperationResult;.<clinit>()V> (0x00000000eab842f0) 
thrown [s\src\hotspot\share\prims\jni.cpp, line 1111]
Event: 57.073 Thread 0x000001c7fc9d6af0 Exception <a 'java/lang/NoSuchMethodError'{0x00000000eaba3868}: static Lorg/gradle/internal/build/event/types/DefaultSuccessResult;.<clinit>()V> (0x00000000eaba3868) 
thrown [s\src\hotspot\share\prims\jni.cpp, line 1111]
Event: 63.846 Thread 0x000001c7fc9d6af0 Exception <a 'java/lang/NoSuchMethodError'{0x00000000eaba9c28}: static Lorg/gradle/internal/build/event/types/DefaultBuildPhaseDescriptor;.<clinit>()V> (0x00000000eaba9c28) 
thrown [s\src\hotspot\share\prims\jni.cpp, line 1111]

ZGC Phase Switch (0 events):
No events

VM Operations (20 events):
Event: 62.701 Executing VM operation: ParallelGCFailedAllocation (Allocation Failure)
Event: 62.703 Executing VM operation: ParallelGCFailedAllocation (Allocation Failure) done
Event: 62.718 Executing VM operation: ParallelGCFailedAllocation (Allocation Failure)
Event: 62.720 Executing VM operation: ParallelGCFailedAllocation (Allocation Failure) done
Event: 62.733 Executing VM operation: ParallelGCFailedAllocation (Allocation Failure)
Event: 62.735 Executing VM operation: ParallelGCFailedAllocation (Allocation Failure) done
Event: 62.746 Executing VM operation: ParallelGCFailedAllocation (Allocation Failure)
Event: 62.749 Executing VM operation: ParallelGCFailedAllocation (Allocation Failure) done
Event: 62.762 Executing VM operation: ParallelGCFailedAllocation (Allocation Failure)
Event: 62.765 Executing VM operation: ParallelGCFailedAllocation (Allocation Failure) done
Event: 62.784 Executing VM operation: ParallelGCFailedAllocation (Allocation Failure)
Event: 62.787 Executing VM operation: ParallelGCFailedAllocation (Allocation Failure) done
Event: 62.809 Executing VM operation: ParallelGCFailedAllocation (Allocation Failure)
Event: 63.811 Executing VM operation: ParallelGCFailedAllocation (Allocation Failure) done
Event: 63.820 Executing VM operation: ParallelGCFailedAllocation (Allocation Failure)
Event: 63.825 Executing VM operation: ParallelGCFailedAllocation (Allocation Failure) done
Event: 63.834 Executing VM operation: ParallelGCFailedAllocation (Allocation Failure)
Event: 63.838 Executing VM operation: ParallelGCFailedAllocation (Allocation Failure) done
Event: 63.857 Executing VM operation: ParallelGCFailedAllocation (Allocation Failure)
Event: 65.864 Executing VM operation: ParallelGCFailedAllocation (Allocation Failure) done

Memory protections (0 events):
No events

Nmethod flushes (20 events):
Event: 37.147 Thread 0x000001c7df8809b0 flushing  nmethod 0x000001c7e3477b10
Event: 37.147 Thread 0x000001c7df8809b0 flushing  nmethod 0x000001c7e3478090
Event: 37.147 Thread 0x000001c7df8809b0 flushing  nmethod 0x000001c7e3479010
Event: 37.147 Thread 0x000001c7df8809b0 flushing  nmethod 0x000001c7e3479610
Event: 37.147 Thread 0x000001c7df8809b0 flushing  nmethod 0x000001c7e3479e90
Event: 37.147 Thread 0x000001c7df8809b0 flushing  nmethod 0x000001c7e347a210
Event: 37.147 Thread 0x000001c7df8809b0 flushing  nmethod 0x000001c7e347a710
Event: 37.147 Thread 0x000001c7df8809b0 flushing  nmethod 0x000001c7e347b910
Event: 37.147 Thread 0x000001c7df8809b0 flushing  nmethod 0x000001c7e347c110
Event: 37.147 Thread 0x000001c7df8809b0 flushing  nmethod 0x000001c7e349e410
Event: 37.147 Thread 0x000001c7df8809b0 flushing  nmethod 0x000001c7e349f590
Event: 37.147 Thread 0x000001c7df8809b0 flushing  nmethod 0x000001c7e34a5010
Event: 37.147 Thread 0x000001c7df8809b0 flushing  nmethod 0x000001c7e34a5610
Event: 37.147 Thread 0x000001c7df8809b0 flushing  nmethod 0x000001c7e34a5a90
Event: 37.147 Thread 0x000001c7df8809b0 flushing  nmethod 0x000001c7e34a9c90
Event: 37.147 Thread 0x000001c7df8809b0 flushing  nmethod 0x000001c7e34b3010
Event: 37.147 Thread 0x000001c7df8809b0 flushing  nmethod 0x000001c7e34b9390
Event: 37.147 Thread 0x000001c7df8809b0 flushing  nmethod 0x000001c7e34c5e10
Event: 37.147 Thread 0x000001c7df8809b0 flushing  nmethod 0x000001c7e351b110
Event: 37.147 Thread 0x000001c7df8809b0 flushing  nmethod 0x000001c7e3533110

Events (20 events):
Event: 19.113 Thread 0x000001c7fb69e5b0 Thread exited: 0x000001c7fb69e5b0
Event: 28.459 Thread 0x000001c7fa440ec0 Thread added: 0x000001c7fcb21a10
Event: 28.901 Thread 0x000001c7fa440ec0 Thread added: 0x000001c7fcb220a0
Event: 37.223 Thread 0x000001c7fcb220a0 Thread added: 0x000001c7fd9530c0
Event: 37.285 Thread 0x000001c7fd9530c0 Thread added: 0x000001c7fd951680
Event: 37.285 Thread 0x000001c7fd9530c0 Thread added: 0x000001c7fd953750
Event: 37.840 Thread 0x000001c7fcb220a0 Thread exited: 0x000001c7fcb220a0
Event: 37.886 Thread 0x000001c7fa440ec0 Thread added: 0x000001c7fd951d10
Event: 37.889 Thread 0x000001c7fa440ec0 Thread added: 0x000001c7fd953de0
Event: 38.523 Thread 0x000001c7fd953de0 Thread exited: 0x000001c7fd953de0
Event: 38.541 Thread 0x000001c7fa440ec0 Thread added: 0x000001c7fd953de0
Event: 39.821 Thread 0x000001c7fa440ec0 Thread added: 0x000001c7fd9523a0
Event: 39.828 Thread 0x000001c7fa440ec0 Thread added: 0x000001c7fcb220a0
Event: 39.900 Thread 0x000001c7fcb220a0 Thread exited: 0x000001c7fcb220a0
Event: 39.901 Thread 0x000001c7fa440ec0 Thread added: 0x000001c7fcb220a0
Event: 39.916 Thread 0x000001c7fa440ec0 Thread added: 0x000001c7fc9d6af0
Event: 50.050 Thread 0x000001c7fc9d6af0 Thread added: 0x000001c7fc9d7180
Event: 51.949 Thread 0x000001c7fc9d6af0 Thread added: 0x000001c7fc9d8530
Event: 51.951 Thread 0x000001c7fc9d6af0 Thread added: 0x000001c7fc9d9250
Event: 51.951 Thread 0x000001c7fc9d8530 Thread exited: 0x000001c7fc9d8530


Dynamic libraries:
0x00007ff650530000 - 0x00007ff65053e000 	c:\Users\Lenovo\.cursor\extensions\redhat.java-1.39.0-win32-x64\jre\21.0.5-win32-x86_64\bin\java.exe
0x00007ffe775e0000 - 0x00007ffe77843000 	C:\WINDOWS\SYSTEM32\ntdll.dll
0x00007ffe77440000 - 0x00007ffe77507000 	C:\WINDOWS\System32\KERNEL32.DLL
0x00007ffe74ad0000 - 0x00007ffe74e97000 	C:\WINDOWS\System32\KERNELBASE.dll
0x00007ffe74980000 - 0x00007ffe74acc000 	C:\WINDOWS\System32\ucrtbase.dll
0x00007ffe50dd0000 - 0x00007ffe50de8000 	c:\Users\Lenovo\.cursor\extensions\redhat.java-1.39.0-win32-x64\jre\21.0.5-win32-x86_64\bin\jli.dll
0x00007ffe75420000 - 0x00007ffe755e9000 	C:\WINDOWS\System32\USER32.dll
0x00007ffe74fe0000 - 0x00007ffe75007000 	C:\WINDOWS\System32\win32u.dll
0x00007ffe76d50000 - 0x00007ffe76d7a000 	C:\WINDOWS\System32\GDI32.dll
0x00007ffe752f0000 - 0x00007ffe7541b000 	C:\WINDOWS\System32\gdi32full.dll
0x00007ffe74f30000 - 0x00007ffe74fd3000 	C:\WINDOWS\System32\msvcp_win.dll
0x00007ffe50c90000 - 0x00007ffe50cae000 	c:\Users\Lenovo\.cursor\extensions\redhat.java-1.39.0-win32-x64\jre\21.0.5-win32-x86_64\bin\VCRUNTIME140.dll
0x00007ffe5f8a0000 - 0x00007ffe5fb30000 	C:\WINDOWS\WinSxS\amd64_microsoft.windows.common-controls_6595b64144ccf1df_6.0.26100.3037_none_3e09262ce333c378\COMCTL32.dll
0x00007ffe75950000 - 0x00007ffe759f9000 	C:\WINDOWS\System32\msvcrt.dll
0x00007ffe76990000 - 0x00007ffe769bf000 	C:\WINDOWS\System32\IMM32.DLL
0x00007ffe529e0000 - 0x00007ffe529ec000 	c:\Users\Lenovo\.cursor\extensions\redhat.java-1.39.0-win32-x64\jre\21.0.5-win32-x86_64\bin\vcruntime140_1.dll
0x00007ffe13eb0000 - 0x00007ffe13f3d000 	c:\Users\Lenovo\.cursor\extensions\redhat.java-1.39.0-win32-x64\jre\21.0.5-win32-x86_64\bin\msvcp140.dll
0x00007ffdcb9d0000 - 0x00007ffdcc75f000 	c:\Users\Lenovo\.cursor\extensions\redhat.java-1.39.0-win32-x64\jre\21.0.5-win32-x86_64\bin\server\jvm.dll
0x00007ffe76d80000 - 0x00007ffe76e34000 	C:\WINDOWS\System32\ADVAPI32.dll
0x00007ffe769d0000 - 0x00007ffe76a76000 	C:\WINDOWS\System32\sechost.dll
0x00007ffe755f0000 - 0x00007ffe75706000 	C:\WINDOWS\System32\RPCRT4.dll
0x00007ffe76910000 - 0x00007ffe76984000 	C:\WINDOWS\System32\WS2_32.dll
0x00007ffe74650000 - 0x00007ffe7469e000 	C:\WINDOWS\SYSTEM32\POWRPROF.dll
0x00007ffe68980000 - 0x00007ffe689b6000 	C:\WINDOWS\SYSTEM32\WINMM.dll
0x00007ffe65ff0000 - 0x00007ffe65ffb000 	C:\WINDOWS\SYSTEM32\VERSION.dll
0x00007ffe74630000 - 0x00007ffe74644000 	C:\WINDOWS\SYSTEM32\UMPDC.dll
0x00007ffe73710000 - 0x00007ffe7372a000 	C:\WINDOWS\SYSTEM32\kernel.appcore.dll
0x00007ffe50ec0000 - 0x00007ffe50eca000 	c:\Users\Lenovo\.cursor\extensions\redhat.java-1.39.0-win32-x64\jre\21.0.5-win32-x86_64\bin\jimage.dll
0x00007ffe72280000 - 0x00007ffe724c1000 	C:\WINDOWS\SYSTEM32\DBGHELP.DLL
0x00007ffe763e0000 - 0x00007ffe7675e000 	C:\WINDOWS\System32\combase.dll
0x00007ffe75b60000 - 0x00007ffe75c36000 	C:\WINDOWS\System32\OLEAUT32.dll
0x00007ffe5a6d0000 - 0x00007ffe5a709000 	C:\WINDOWS\SYSTEM32\dbgcore.DLL
0x00007ffe75010000 - 0x00007ffe750a9000 	C:\WINDOWS\System32\bcryptPrimitives.dll
0x00007ffe50490000 - 0x00007ffe5049f000 	c:\Users\Lenovo\.cursor\extensions\redhat.java-1.39.0-win32-x64\jre\21.0.5-win32-x86_64\bin\instrument.dll
0x00007ffe500c0000 - 0x00007ffe500df000 	c:\Users\Lenovo\.cursor\extensions\redhat.java-1.39.0-win32-x64\jre\21.0.5-win32-x86_64\bin\java.dll
0x00007ffe75c50000 - 0x00007ffe76354000 	C:\WINDOWS\System32\SHELL32.dll
0x00007ffe72680000 - 0x00007ffe72eb7000 	C:\WINDOWS\SYSTEM32\windows.storage.dll
0x00007ffe76a80000 - 0x00007ffe76b69000 	C:\WINDOWS\System32\SHCORE.dll
0x00007ffe76e40000 - 0x00007ffe76e9d000 	C:\WINDOWS\System32\shlwapi.dll
0x00007ffe74890000 - 0x00007ffe748be000 	C:\WINDOWS\SYSTEM32\profapi.dll
0x00007ffe42550000 - 0x00007ffe42568000 	c:\Users\Lenovo\.cursor\extensions\redhat.java-1.39.0-win32-x64\jre\21.0.5-win32-x86_64\bin\zip.dll
0x00007ffe50580000 - 0x00007ffe50590000 	C:\Users\Lenovo\.cursor\extensions\redhat.java-1.39.0-win32-x64\jre\21.0.5-win32-x86_64\bin\net.dll
0x00007ffe6d680000 - 0x00007ffe6d79e000 	C:\WINDOWS\SYSTEM32\WINHTTP.dll
0x00007ffe73cc0000 - 0x00007ffe73d28000 	C:\WINDOWS\system32\mswsock.dll
0x00007ffe42420000 - 0x00007ffe42436000 	C:\Users\Lenovo\.cursor\extensions\redhat.java-1.39.0-win32-x64\jre\21.0.5-win32-x86_64\bin\nio.dll
0x00007ffe47030000 - 0x00007ffe47040000 	c:\Users\Lenovo\.cursor\extensions\redhat.java-1.39.0-win32-x64\jre\21.0.5-win32-x86_64\bin\verify.dll
0x00007ffe35aa0000 - 0x00007ffe35ae5000 	C:\Users\Lenovo\AppData\Roaming\Cursor\User\globalStorage\redhat.java\1.39.0\config_win\org.eclipse.equinox.launcher\org.eclipse.equinox.launcher.win32.win32.x86_64_1.2.1100.v20240722-2106\eclipse_11904.dll
0x00007ffe76770000 - 0x00007ffe76905000 	C:\WINDOWS\System32\ole32.dll
0x00007ffe73f60000 - 0x00007ffe73f7c000 	C:\WINDOWS\SYSTEM32\CRYPTSP.dll
0x00007ffe73730000 - 0x00007ffe73768000 	C:\WINDOWS\system32\rsaenh.dll
0x00007ffe73d60000 - 0x00007ffe73d8b000 	C:\WINDOWS\SYSTEM32\USERENV.dll
0x00007ffe741a0000 - 0x00007ffe741c6000 	C:\WINDOWS\SYSTEM32\bcrypt.dll
0x00007ffe73f80000 - 0x00007ffe73f8c000 	C:\WINDOWS\SYSTEM32\CRYPTBASE.dll
0x00007ffe73220000 - 0x00007ffe73252000 	C:\WINDOWS\SYSTEM32\IPHLPAPI.DLL
0x00007ffe75b50000 - 0x00007ffe75b5a000 	C:\WINDOWS\System32\NSI.dll
0x00007ffe35890000 - 0x00007ffe358d9000 	C:\Users\Lenovo\AppData\Local\Temp\jna--1997884908\jna11630949636863174495.dll
0x00007ffe758e0000 - 0x00007ffe758e8000 	C:\WINDOWS\System32\PSAPI.DLL
0x00007ffe6dbe0000 - 0x00007ffe6dbff000 	C:\WINDOWS\SYSTEM32\dhcpcsvc6.DLL
0x00007ffe6dbb0000 - 0x00007ffe6dbd5000 	C:\WINDOWS\SYSTEM32\dhcpcsvc.DLL
0x00007ffe54a90000 - 0x00007ffe54ab7000 	C:\Users\Lenovo\.gradle\native\c067742578af261105cb4f569cf0c3c89f3d7b1fecec35dd04571415982c5e48\windows-amd64\native-platform.dll
0x00007ffe4e0f0000 - 0x00007ffe4e0fa000 	C:\Users\Lenovo\.cursor\extensions\redhat.java-1.39.0-win32-x64\jre\21.0.5-win32-x86_64\bin\management.dll
0x00007ffe4db50000 - 0x00007ffe4db5b000 	C:\Users\Lenovo\.cursor\extensions\redhat.java-1.39.0-win32-x64\jre\21.0.5-win32-x86_64\bin\management_ext.dll
0x00007ffe50f40000 - 0x00007ffe50f49000 	C:\Users\Lenovo\.cursor\extensions\redhat.java-1.39.0-win32-x64\jre\21.0.5-win32-x86_64\bin\extnet.dll
0x00007ffe54170000 - 0x00007ffe5417e000 	C:\Users\Lenovo\.cursor\extensions\redhat.java-1.39.0-win32-x64\jre\21.0.5-win32-x86_64\bin\sunmscapi.dll
0x00007ffe75170000 - 0x00007ffe752e6000 	C:\WINDOWS\System32\CRYPT32.dll
0x00007ffe74160000 - 0x00007ffe74190000 	C:\WINDOWS\SYSTEM32\ncrypt.dll
0x00007ffe74110000 - 0x00007ffe7414f000 	C:\WINDOWS\SYSTEM32\NTASN1.dll
0x00007ffe4de40000 - 0x00007ffe4de48000 	C:\WINDOWS\system32\wshunix.dll

dbghelp: loaded successfully - version: 4.0.5 - missing functions: none
symbol engine: initialized successfully - sym options: 0x614 - pdb path: .;c:\Users\Lenovo\.cursor\extensions\redhat.java-1.39.0-win32-x64\jre\21.0.5-win32-x86_64\bin;C:\WINDOWS\SYSTEM32;C:\WINDOWS\WinSxS\amd64_microsoft.windows.common-controls_6595b64144ccf1df_6.0.26100.3037_none_3e09262ce333c378;c:\Users\Lenovo\.cursor\extensions\redhat.java-1.39.0-win32-x64\jre\21.0.5-win32-x86_64\bin\server;C:\Users\Lenovo\AppData\Roaming\Cursor\User\globalStorage\redhat.java\1.39.0\config_win\org.eclipse.equinox.launcher\org.eclipse.equinox.launcher.win32.win32.x86_64_1.2.1100.v20240722-2106;C:\Users\Lenovo\AppData\Local\Temp\jna--1997884908;C:\Users\Lenovo\.gradle\native\c067742578af261105cb4f569cf0c3c89f3d7b1fecec35dd04571415982c5e48\windows-amd64

VM Arguments:
jvm_args: --add-modules=ALL-SYSTEM --add-opens=java.base/java.util=ALL-UNNAMED --add-opens=java.base/java.lang=ALL-UNNAMED --add-opens=java.base/sun.nio.fs=ALL-UNNAMED -Declipse.application=org.eclipse.jdt.ls.core.id1 -Dosgi.bundles.defaultStartLevel=4 -Declipse.product=org.eclipse.jdt.ls.core.product -Djava.import.generatesMetadataFilesAtProjectRoot=false -DDetectVMInstallationsJob.disabled=true -Dfile.encoding=utf8 -XX:+UseParallelGC -XX:GCTimeRatio=4 -XX:AdaptiveSizePolicyWeight=90 -Dsun.zip.disableMemoryMapping=true -Xmx1G -Xms100m -Xlog:disable -javaagent:c:\Users\Lenovo\.cursor\extensions\redhat.java-1.39.0-win32-x64\lombok\lombok-1.18.34.jar -XX:+HeapDumpOnOutOfMemoryError -XX:HeapDumpPath=c:\Users\Lenovo\AppData\Roaming\Cursor\User\workspaceStorage\683d957badb194579f56dee3592c7424\redhat.java -Daether.dependencyCollector.impl=bf 
java_command: c:\Users\Lenovo\.cursor\extensions\redhat.java-1.39.0-win32-x64\server\plugins\org.eclipse.equinox.launcher_1.6.900.v20240613-2009.jar -configuration c:\Users\Lenovo\AppData\Roaming\Cursor\User\globalStorage\redhat.java\1.39.0\config_win -data c:\Users\Lenovo\AppData\Roaming\Cursor\User\workspaceStorage\683d957badb194579f56dee3592c7424\redhat.java\jdt_ws --pipe=\\.\pipe\lsp-1127b27c4e4e2016490f156416ec3a21-sock
java_class_path (initial): c:\Users\Lenovo\.cursor\extensions\redhat.java-1.39.0-win32-x64\server\plugins\org.eclipse.equinox.launcher_1.6.900.v20240613-2009.jar
Launcher Type: SUN_STANDARD

[Global flags]
    uintx AdaptiveSizePolicyWeight                 = 90                                        {product} {command line}
     intx CICompilerCount                          = 4                                         {product} {ergonomic}
    uintx GCTimeRatio                              = 4                                         {product} {command line}
     bool HeapDumpOnOutOfMemoryError               = true                                   {manageable} {command line}
    ccstr HeapDumpPath                             = c:\Users\Lenovo\AppData\Roaming\Cursor\User\workspaceStorage\683d957badb194579f56dee3592c7424\redhat.java         {manageable} {command line}
   size_t InitialHeapSize                          = 104857600                                 {product} {command line}
   size_t MaxHeapSize                              = 1073741824                                {product} {command line}
   size_t MaxNewSize                               = 357564416                                 {product} {ergonomic}
   size_t MinHeapDeltaBytes                        = 524288                                    {product} {ergonomic}
   size_t MinHeapSize                              = 104857600                                 {product} {command line}
   size_t NewSize                                  = 34603008                                  {product} {ergonomic}
    uintx NonNMethodCodeHeapSize                   = 5839372                                {pd product} {ergonomic}
    uintx NonProfiledCodeHeapSize                  = 122909434                              {pd product} {ergonomic}
   size_t OldSize                                  = 70254592                                  {product} {ergonomic}
    uintx ProfiledCodeHeapSize                     = 122909434                              {pd product} {ergonomic}
    uintx ReservedCodeCacheSize                    = 251658240                              {pd product} {ergonomic}
     bool SegmentedCodeCache                       = true                                      {product} {ergonomic}
   size_t SoftMaxHeapSize                          = 1073741824                             {manageable} {ergonomic}
     bool UseCompressedOops                        = true                           {product lp64_product} {ergonomic}
     bool UseLargePagesIndividualAllocation        = false                                  {pd product} {ergonomic}
     bool UseParallelGC                            = true                                      {product} {command line}

Logging:
Log output configuration:
 #0: stdout all=off uptime,level,tags foldmultilines=false
 #1: stderr all=off uptime,level,tags foldmultilines=false

Environment Variables:
JAVA_HOME=C:\Program Files\Zulu\zulu-23
PATH=C:\Program Files (x86)\Common Files\Oracle\Java\java8path;C:\Program Files (x86)\Common Files\Oracle\Java\javapath;C:\Program Files\Zulu\zulu-23\bin\;C:\WINDOWS\system32;C:\WINDOWS;C:\WINDOWS\System32\Wbem;C:\WINDOWS\System32\WindowsPowerShell\v1.0\;C:\WINDOWS\System32\OpenSSH\;C:\Users\Lenovo\AppData\Local\Microsoft\WindowsApps;C:\Program Files\gs\gs10.03.1\bin;C:\Users\Lenovo\AppData\Local\Pub\Cache\bin;C:\ProgramData\chocolatey\bin;C:\php-8.3.11;C:\ProgramData\ComposerSetup\bin;C:\Users\Lenovo\Documents\Flutter\Sdk\flutter\bin;C:\Program Files\Java\jdk-23\bin;C:\Program Files\Java\jre1.8.0_421\bin;C:\Program Files\nodejs\;C:\Program Files\MongoDB\Server\8.0\bin;C:\Program Files\MongoDB\mongosh-2.3.3-win32-x64\bin;C:\Pemograman\gradle-8.11.1\bin;C:\Pemograman\kotlinc\bin;C:\Program Files\Git\cmd;C:\WINDOWS\system32;C:\WINDOWS;C:\WINDOWS\System32\Wbem;C:\WINDOWS\System32\WindowsPowerShell\v1.0\;C:\WINDOWS\System32\OpenSSH\;C:\Program Files (x86)\Microsoft\Edge\Application;C:\Program Files\Zulu\zulu-23\bin\;C:\Program Files (x86)\Common Files\Oracle\Java\java8path;C:\Program Files (x86)\Common Files\Oracle\Java\javapath;C:\WINDOWS\system32;C:\WINDOWS;C:\WINDOWS\System32\Wbem;C:\WINDOWS\System32\WindowsPowerShell\v1.0\;C:\WINDOWS\System32\OpenSSH\;C:\Users\Lenovo\AppData\Local\Microsoft\WindowsApps;C:\Program Files\gs\gs10.03.1\bin;C:\Users\Lenovo\AppData\Local\Pub\Cache\bin;C:\ProgramData\chocolatey\bin;C:\php-8.3.11;C:\ProgramData\ComposerSetup\bin;C:\Users\Lenovo\Documents\Flutter\Sdk\flutter\bin;C:\Program Files\Java\jdk-23\bin;C:\Program Files\Java\jre1.8.0_421\bin;C:\Program Files\nodejs\;C:\Program Files\MongoDB\Server\8.0\bin;C:\Program Files\MongoDB\mongosh-2.3.3-win32-x64\bin;C:\Pemograman\gradle-8.11.1\bin;C:\Pemograman\kotlinc\bin;C:\Program Files\Git\cmd;C:\Users\Lenovo\AppData\Local\Temp\_MEI155922;C:\Users\Lenovo\AppData\Roaming\Composer\vendor\bin;C:\Users\Lenovo\AppData\Local\Programs\Microsoft VS Code\bin;C:\Users\Lenovo\AppData\Roaming\npm;C:\Users\Lenovo\AppData\Local\Programs\mongosh\;C:\Users\Lenovo\AppData\Local\JetBrains\Toolbox\scripts;;%USERPROFILE%\AppData\Local\Microsoft\WindowsApps
USERNAME=MadMax
OS=Windows_NT
PROCESSOR_IDENTIFIER=AMD64 Family 23 Model 160 Stepping 0, AuthenticAMD
TMP=C:\Users\Lenovo\AppData\Local\Temp
TEMP=C:\Users\Lenovo\AppData\Local\Temp




Periodic native trim disabled

---------------  S Y S T E M  ---------------

OS:
 Windows 11 , 64 bit Build 26100 (10.0.26100.3037)
OS uptime: 0 days 13:05 hours
Hyper-V role detected

CPU: total 8 (initial active 8) (8 cores per cpu, 2 threads per core) family 23 model 160 stepping 0 microcode 0x8a00006, cx8, cmov, fxsr, ht, mmx, 3dnowpref, sse, sse2, sse3, ssse3, sse4a, sse4.1, sse4.2, popcnt, lzcnt, tsc, tscinvbit, avx, avx2, aes, clmul, bmi1, bmi2, adx, sha, fma, vzeroupper, clflush, clflushopt, hv, rdtscp, rdpid, f16c
Processor Information for all 8 processors :
  Max Mhz: 2401, Current Mhz: 2401, Mhz Limit: 2401

Memory: 4k page, system-wide physical 5877M (17M free)
TotalPageFile size 24309M (AvailPageFile size 0M)
current process WorkingSet (physical memory assigned to process): 171M, peak: 286M
current process commit charge ("private bytes"): 505M, peak: 505M

vm_info: OpenJDK 64-Bit Server VM (21.0.5+11-LTS) for windows-amd64 JRE (21.0.5+11-LTS), built on 2024-10-15T00:00:00Z by "admin" with MS VC++ 17.7 (VS2022)

END.
