#
# There is insufficient memory for the Java Runtime Environment to continue.
# Native memory allocation (mmap) failed to map 67108864 bytes. Error detail: G1 virtual space
# Possible reasons:
#   The system is out of physical RAM or swap space
#   This process is running with CompressedOops enabled, and the Java Heap may be blocking the growth of the native heap
# Possible solutions:
#   Reduce memory load on the system
#   Increase physical memory or swap space
#   Check if swap backing store is full
#   Decrease Java heap size (-Xmx/-Xms)
#   Decrease number of Java threads
#   Decrease Java thread stack sizes (-Xss)
#   Set larger code cache with -XX:ReservedCodeCacheSize=
#   JVM is running with Unscaled Compressed Oops mode in which the Java heap is
#     placed in the first 4GB address space. The Java Heap base address is the
#     maximum limit for the native heap growth. Please use -XX:HeapBaseMinAddress
#     to set the Java Heap base and to place the Java Heap above 4GB virtual address.
# This output file may be truncated or incomplete.
#
#  Out of Memory Error (os_windows.cpp:3703), pid=61948, tid=68644
#
# JRE version:  (23.0.1+11) (build )
# Java VM: OpenJDK 64-Bit Server VM (23.0.1+11, mixed mode, sharing, tiered, compressed oops, compressed class ptrs, g1 gc, windows-amd64)
# No core dump will be written. Minidumps are not enabled by default on client versions of Windows
#

---------------  S U M M A R Y ------------

Command Line: -Xmx64m -Xms64m -Dorg.gradle.appname=gradlew org.gradle.wrapper.GradleWrapperMain -I C:\Users\Lenovo\AppData\Local\Temp\classpath1246784900967454516.gradle kotlinLSPProjectDeps --console=plain

Host: AMD Ryzen 3 7320U with Radeon Graphics         , 8 cores, 5G,  Windows 11 , 64 bit Build 26100 (10.0.26100.3037)
Time: Mon Feb  3 20:26:13 2025 SE Asia Standard Time elapsed time: 2.072152 seconds (0d 0h 0m 2s)

---------------  T H R E A D  ---------------

Current thread (0x0000019c966a46d0):  JavaThread "Unknown thread" [_thread_in_vm, id=68644, stack(0x000000199b300000,0x000000199b400000) (1024K)]

Stack: [0x000000199b300000,0x000000199b400000]
Native frames: (J=compiled Java code, j=interpreted, Vv=VM code, C=native code)
V  [jvm.dll+0x6ef889]  (no source info available)
V  [jvm.dll+0x8e04e3]  (no source info available)
V  [jvm.dll+0x8e27ae]  (no source info available)
V  [jvm.dll+0x8e2e93]  (no source info available)
V  [jvm.dll+0x285b86]  (no source info available)
V  [jvm.dll+0x6ec0e5]  (no source info available)
V  [jvm.dll+0x6dfdea]  (no source info available)
V  [jvm.dll+0x367d9a]  (no source info available)
V  [jvm.dll+0x3701d6]  (no source info available)
V  [jvm.dll+0x35c73e]  (no source info available)
V  [jvm.dll+0x35c9d8]  (no source info available)
V  [jvm.dll+0x334a7c]  (no source info available)
V  [jvm.dll+0x33571e]  (no source info available)
V  [jvm.dll+0x8a5d45]  (no source info available)
V  [jvm.dll+0x3c5bd8]  (no source info available)
V  [jvm.dll+0x88e93c]  (no source info available)
V  [jvm.dll+0x45fbae]  (no source info available)
V  [jvm.dll+0x4619f1]  (no source info available)
C  [jli.dll+0x52a3]  (no source info available)
C  [ucrtbase.dll+0x37b0]  (no source info available)
C  [KERNEL32.DLL+0x2e8d7]  (no source info available)
C  [ntdll.dll+0xbbf2c]  (no source info available)

Lock stack of current Java thread (top to bottom):


---------------  P R O C E S S  ---------------

Threads class SMR info:
_java_thread_list=0x00007ffdcb861ad8, length=0, elements={
}

Java Threads: ( => current thread )
Total: 0

Other Threads:
  0x0000019c98b09c30 WorkerThread "GC Thread#0"                     [id=60008, stack(0x000000199b400000,0x000000199b500000) (1024K)]
  0x0000019c98b0b680 ConcurrentGCThread "G1 Main Marker"            [id=67616, stack(0x000000199b500000,0x000000199b600000) (1024K)]
  0x0000019c98b0d1a0 WorkerThread "G1 Conc#0"                       [id=67028, stack(0x000000199b600000,0x000000199b700000) (1024K)]

[error occurred during error reporting (printing all threads), id 0xc0000005, EXCEPTION_ACCESS_VIOLATION (0xc0000005) at pc=0x00007ffdcaf38c0a]
VM state: not at safepoint (not fully initialized)

VM Mutex/Monitor currently owned by a thread:  ([mutex/lock_event])
[0x00007ffdcb8e4e70] Heap_lock - owner thread: 0x0000019c966a46d0

Heap address: 0x00000000fc000000, size: 64 MB, Compressed Oops mode: 32-bit

CDS archive(s) mapped at: [0x0000000000000000-0x0000000000000000-0x0000000000000000), size 0, SharedBaseAddress: 0x0000000800000000, ArchiveRelocationMode: 1.
Narrow klass base: 0x0000000000000000, Narrow klass shift: 0, Narrow klass range: 0x0

GC Precious Log:
 CardTable entry size: 512
 Card Set container configuration: InlinePtr #cards 5 size 8 Array Of Cards #cards 10 size 36 Howl #buckets 4 coarsen threshold 1843 Howl Bitmap #cards 512 size 80 coarsen threshold 460 Card regions per heap region 1 cards per card region 2048

Heap:
 garbage-first heap   total reserved 65536K, committed 0K, used 0K [0x00000000fc000000, 0x0000000100000000)
  region size 1024K, 0 young (0K), 0 survivors (0K)

[error occurred during error reporting (printing heap information), id 0xc0000005, EXCEPTION_ACCESS_VIOLATION (0xc0000005) at pc=0x00007ffdcb33bc69]
GC Heap History (0 events):
No events

Dll operation events (1 events):
Event: 0.050 Loaded shared library C:\Program Files\Zulu\zulu-23\bin\java.dll

Deoptimization events (0 events):
No events

Classes loaded (0 events):
No events

Classes unloaded (0 events):
No events

Classes redefined (0 events):
No events

Internal exceptions (0 events):
No events

VM Operations (0 events):
No events

Memory protections (0 events):
No events

Nmethod flushes (0 events):
No events

Events (0 events):
No events


Dynamic libraries:
0x00007ff7a2e80000 - 0x00007ff7a2e8e000 	C:\Program Files\Zulu\zulu-23\bin\java.exe
0x00007ffe775e0000 - 0x00007ffe77843000 	C:\WINDOWS\SYSTEM32\ntdll.dll
0x00007ffe77440000 - 0x00007ffe77507000 	C:\WINDOWS\System32\KERNEL32.DLL
0x00007ffe74ad0000 - 0x00007ffe74e97000 	C:\WINDOWS\System32\KERNELBASE.dll
0x00007ffe74980000 - 0x00007ffe74acc000 	C:\WINDOWS\System32\ucrtbase.dll
0x00007ffe4e210000 - 0x00007ffe4e227000 	C:\Program Files\Zulu\zulu-23\bin\jli.dll
0x00007ffe75420000 - 0x00007ffe755e9000 	C:\WINDOWS\System32\USER32.dll
0x00007ffe74fe0000 - 0x00007ffe75007000 	C:\WINDOWS\System32\win32u.dll
0x00007ffe76d50000 - 0x00007ffe76d7a000 	C:\WINDOWS\System32\GDI32.dll
0x00007ffe752f0000 - 0x00007ffe7541b000 	C:\WINDOWS\System32\gdi32full.dll
0x00007ffe74f30000 - 0x00007ffe74fd3000 	C:\WINDOWS\System32\msvcp_win.dll
0x00007ffe4d9e0000 - 0x00007ffe4d9fb000 	C:\Program Files\Zulu\zulu-23\bin\VCRUNTIME140.dll
0x00007ffe5f8a0000 - 0x00007ffe5fb30000 	C:\WINDOWS\WinSxS\amd64_microsoft.windows.common-controls_6595b64144ccf1df_6.0.26100.3037_none_3e09262ce333c378\COMCTL32.dll
0x00007ffe75950000 - 0x00007ffe759f9000 	C:\WINDOWS\System32\msvcrt.dll
0x00007ffe76990000 - 0x00007ffe769bf000 	C:\WINDOWS\System32\IMM32.DLL
0x00007ffe4fba0000 - 0x00007ffe4fbac000 	C:\Program Files\Zulu\zulu-23\bin\vcruntime140_1.dll
0x00007ffe147e0000 - 0x00007ffe1486e000 	C:\Program Files\Zulu\zulu-23\bin\msvcp140.dll
0x00007ffdcabf0000 - 0x00007ffdcb9c6000 	C:\Program Files\Zulu\zulu-23\bin\server\jvm.dll
0x00007ffe76d80000 - 0x00007ffe76e34000 	C:\WINDOWS\System32\ADVAPI32.dll
0x00007ffe769d0000 - 0x00007ffe76a76000 	C:\WINDOWS\System32\sechost.dll
0x00007ffe755f0000 - 0x00007ffe75706000 	C:\WINDOWS\System32\RPCRT4.dll
0x00007ffe76910000 - 0x00007ffe76984000 	C:\WINDOWS\System32\WS2_32.dll
0x00007ffe74650000 - 0x00007ffe7469e000 	C:\WINDOWS\SYSTEM32\POWRPROF.dll
0x00007ffe68980000 - 0x00007ffe689b6000 	C:\WINDOWS\SYSTEM32\WINMM.dll
0x00007ffe65ff0000 - 0x00007ffe65ffb000 	C:\WINDOWS\SYSTEM32\VERSION.dll
0x00007ffe74630000 - 0x00007ffe74644000 	C:\WINDOWS\SYSTEM32\UMPDC.dll
0x00007ffe73710000 - 0x00007ffe7372a000 	C:\WINDOWS\SYSTEM32\kernel.appcore.dll
0x00007ffe4f0a0000 - 0x00007ffe4f0aa000 	C:\Program Files\Zulu\zulu-23\bin\jimage.dll
0x00007ffe72280000 - 0x00007ffe724c1000 	C:\WINDOWS\SYSTEM32\DBGHELP.DLL
0x00007ffe763e0000 - 0x00007ffe7675e000 	C:\WINDOWS\System32\combase.dll
0x00007ffe75b60000 - 0x00007ffe75c36000 	C:\WINDOWS\System32\OLEAUT32.dll
0x00007ffe5a6d0000 - 0x00007ffe5a709000 	C:\WINDOWS\SYSTEM32\dbgcore.DLL
0x00007ffe75010000 - 0x00007ffe750a9000 	C:\WINDOWS\System32\bcryptPrimitives.dll
0x00007ffe43840000 - 0x00007ffe4385e000 	C:\Program Files\Zulu\zulu-23\bin\java.dll
0x00007ffe76770000 - 0x00007ffe76905000 	C:\WINDOWS\System32\ole32.dll
0x00007ffe75c50000 - 0x00007ffe76354000 	C:\WINDOWS\System32\SHELL32.dll

dbghelp: loaded successfully - version: 4.0.5 - missing functions: none
symbol engine: initialized successfully - sym options: 0x614 - pdb path: .;C:\Program Files\Zulu\zulu-23\bin;C:\WINDOWS\SYSTEM32;C:\WINDOWS\WinSxS\amd64_microsoft.windows.common-controls_6595b64144ccf1df_6.0.26100.3037_none_3e09262ce333c378;C:\Program Files\Zulu\zulu-23\bin\server

VM Arguments:
jvm_args: -Xmx64m -Xms64m -Dorg.gradle.appname=gradlew 
java_command: org.gradle.wrapper.GradleWrapperMain -I C:\Users\Lenovo\AppData\Local\Temp\classpath1246784900967454516.gradle kotlinLSPProjectDeps --console=plain
java_class_path (initial): c:\Users\Lenovo\AndroidStudioProjects\Chevalierapp\\gradle\wrapper\gradle-wrapper.jar
Launcher Type: SUN_STANDARD

[Global flags]
     intx CICompilerCount                          = 4                                         {product} {ergonomic}
     uint ConcGCThreads                            = 2                                         {product} {ergonomic}
     uint G1ConcRefinementThreads                  = 8                                         {product} {ergonomic}
   size_t G1HeapRegionSize                         = 1048576                                   {product} {ergonomic}
   size_t InitialHeapSize                          = 67108864                                  {product} {command line}
   size_t MarkStackSize                            = 4194304                                   {product} {ergonomic}
   size_t MarkStackSizeMax                         = 536870912                                 {product} {ergonomic}
   size_t MaxHeapSize                              = 67108864                                  {product} {command line}
   size_t MinHeapDeltaBytes                        = 1048576                                   {product} {ergonomic}
   size_t MinHeapSize                              = 67108864                                  {product} {command line}
    uintx NonNMethodCodeHeapSize                   = 5832704                                {pd product} {ergonomic}
    uintx NonProfiledCodeHeapSize                  = 122945536                              {pd product} {ergonomic}
    uintx ProfiledCodeHeapSize                     = 122880000                              {pd product} {ergonomic}
    uintx ReservedCodeCacheSize                    = 251658240                              {pd product} {ergonomic}
     bool SegmentedCodeCache                       = true                                      {product} {ergonomic}
   size_t SoftMaxHeapSize                          = 67108864                               {manageable} {ergonomic}
     bool UseCompressedOops                        = true                           {product lp64_product} {ergonomic}
     bool UseG1GC                                  = true                                      {product} {ergonomic}
     bool UseLargePagesIndividualAllocation        = false                                  {pd product} {ergonomic}

Logging:
Log output configuration:
 #0: stdout all=warning uptime,level,tags foldmultilines=false
 #1: stderr all=off uptime,level,tags foldmultilines=false

Environment Variables:
JAVA_HOME=C:\Program Files\Zulu\zulu-23
CLASSPATH=c:\Users\Lenovo\AndroidStudioProjects\Chevalierapp\\gradle\wrapper\gradle-wrapper.jar
PATH=C:\Program Files (x86)\Common Files\Oracle\Java\java8path;C:\Program Files (x86)\Common Files\Oracle\Java\javapath;C:\Program Files\Zulu\zulu-23\bin\;C:\WINDOWS\system32;C:\WINDOWS;C:\WINDOWS\System32\Wbem;C:\WINDOWS\System32\WindowsPowerShell\v1.0\;C:\WINDOWS\System32\OpenSSH\;C:\Users\Lenovo\AppData\Local\Microsoft\WindowsApps;C:\Program Files\gs\gs10.03.1\bin;C:\Users\Lenovo\AppData\Local\Pub\Cache\bin;C:\ProgramData\chocolatey\bin;C:\php-8.3.11;C:\ProgramData\ComposerSetup\bin;C:\Users\Lenovo\Documents\Flutter\Sdk\flutter\bin;C:\Program Files\Java\jdk-23\bin;C:\Program Files\Java\jre1.8.0_421\bin;C:\Program Files\nodejs\;C:\Program Files\MongoDB\Server\8.0\bin;C:\Program Files\MongoDB\mongosh-2.3.3-win32-x64\bin;C:\Pemograman\gradle-8.11.1\bin;C:\Pemograman\kotlinc\bin;C:\Program Files\Git\cmd;C:\WINDOWS\system32;C:\WINDOWS;C:\WINDOWS\System32\Wbem;C:\WINDOWS\System32\WindowsPowerShell\v1.0\;C:\WINDOWS\System32\OpenSSH\;C:\Program Files (x86)\Microsoft\Edge\Application;C:\Program Files\Zulu\zulu-23\bin\;C:\Program Files (x86)\Common Files\Oracle\Java\java8path;C:\Program Files (x86)\Common Files\Oracle\Java\javapath;C:\WINDOWS\system32;C:\WINDOWS;C:\WINDOWS\System32\Wbem;C:\WINDOWS\System32\WindowsPowerShell\v1.0\;C:\WINDOWS\System32\OpenSSH\;C:\Users\Lenovo\AppData\Local\Microsoft\WindowsApps;C:\Program Files\gs\gs10.03.1\bin;C:\Users\Lenovo\AppData\Local\Pub\Cache\bin;C:\ProgramData\chocolatey\bin;C:\php-8.3.11;C:\ProgramData\ComposerSetup\bin;C:\Users\Lenovo\Documents\Flutter\Sdk\flutter\bin;C:\Program Files\Java\jdk-23\bin;C:\Program Files\Java\jre1.8.0_421\bin;C:\Program Files\nodejs\;C:\Program Files\MongoDB\Server\8.0\bin;C:\Program Files\MongoDB\mongosh-2.3.3-win32-x64\bin;C:\Pemograman\gradle-8.11.1\bin;C:\Pemograman\kotlinc\bin;C:\Program Files\Git\cmd;C:\Users\Lenovo\AppData\Local\Temp\_MEI155922;C:\Users\Lenovo\AppData\Roaming\Composer\vendor\bin;C:\Users\Lenovo\AppData\Local\Programs\Microsoft VS Code\bin;C:\Users\Lenovo\AppData\Roaming\npm;C:\Users\Lenovo\AppData\Local\Programs\mongosh\;C:\Users\Lenovo\AppData\Local\JetBrains\Toolbox\scripts;;%USERPROFILE%\AppData\Local\Microsoft\WindowsApps
USERNAME=MadMax
OS=Windows_NT
PROCESSOR_IDENTIFIER=AMD64 Family 23 Model 160 Stepping 0, AuthenticAMD
TMP=C:\Users\Lenovo\AppData\Local\Temp
TEMP=C:\Users\Lenovo\AppData\Local\Temp




Periodic native trim disabled

---------------  S Y S T E M  ---------------

OS:
 Windows 11 , 64 bit Build 26100 (10.0.26100.3037)
OS uptime: 0 days 13:18 hours
Hyper-V role detected

CPU: total 8 (initial active 8) (8 cores per cpu, 2 threads per core) family 23 model 160 stepping 0 microcode 0x8a00006, cx8, cmov, fxsr, ht, mmx, 3dnowpref, sse, sse2, sse3, ssse3, sse4a, sse4.1, sse4.2, popcnt, lzcnt, tsc, tscinvbit, avx, avx2, aes, clmul, bmi1, bmi2, adx, sha, fma, vzeroupper, clflush, clflushopt, hv, rdtscp, rdpid, f16c
Processor Information for processor 0
  Max Mhz: 2401, Current Mhz: 2401, Mhz Limit: 2401
Processor Information for processor 1
  Max Mhz: 2401, Current Mhz: 2000, Mhz Limit: 2401
Processor Information for processor 2
  Max Mhz: 2401, Current Mhz: 2401, Mhz Limit: 2401
Processor Information for processor 3
  Max Mhz: 2401, Current Mhz: 2401, Mhz Limit: 2401
Processor Information for processor 4
  Max Mhz: 2401, Current Mhz: 2401, Mhz Limit: 2401
Processor Information for processor 5
  Max Mhz: 2401, Current Mhz: 2401, Mhz Limit: 2401
Processor Information for processor 6
  Max Mhz: 2401, Current Mhz: 2401, Mhz Limit: 2401
Processor Information for processor 7
  Max Mhz: 2401, Current Mhz: 2401, Mhz Limit: 2401

Memory: 4k page, system-wide physical 5877M (331M free)
TotalPageFile size 24309M (AvailPageFile size 7M)
current process WorkingSet (physical memory assigned to process): 12M, peak: 12M
current process commit charge ("private bytes"): 60M, peak: 123M

vm_info: OpenJDK 64-Bit Server VM (23.0.1+11) for windows-amd64 JRE (23.0.1+11) (Zulu23.30+13-CA), built on 2024-10-04T17:21:46Z with MS VC++ 17.1 (VS2022)

END.
